{"/home/travis/build/npmtest/node-npmtest-knockout.validation/test.js":{"path":"/home/travis/build/npmtest/node-npmtest-knockout.validation/test.js","s":{"1":2,"2":2,"3":2,"4":2,"5":2,"6":2,"7":2,"8":1,"9":2,"10":2,"11":1,"12":1,"13":1,"14":1,"15":2,"16":2,"17":2,"18":2,"19":1,"20":1,"21":2,"22":2,"23":2,"24":1,"25":1,"26":1,"27":1,"28":1,"29":1,"30":1,"31":1,"32":1,"33":1,"34":1,"35":1,"36":1,"37":1,"38":1,"39":2,"40":2,"41":1,"42":2,"43":2,"44":1,"45":2,"46":2,"47":1,"48":2,"49":2,"50":1,"51":1,"52":1,"53":1,"54":1},"b":{"1":[2,1,1,1],"2":[1,1,1,1],"3":[1,1],"4":[1,1],"5":[1,1],"6":[1,1],"7":[1,1],"8":[1,1],"9":[1,1],"10":[1,1,1],"11":[1,1],"12":[1,1],"13":[1,1],"14":[1,1],"15":[1,1],"16":[1,1],"17":[1,1]},"f":{"1":2,"2":2,"3":2,"4":2,"5":2,"6":1,"7":1,"8":1,"9":2,"10":2,"11":2,"12":2,"13":1},"fnMap":{"1":{"name":"(anonymous_1)","line":12,"loc":{"start":{"line":12,"column":1},"end":{"line":12,"column":13}}},"2":{"name":"(anonymous_2)","line":19,"loc":{"start":{"line":19,"column":5},"end":{"line":19,"column":17}}},"3":{"name":"(anonymous_3)","line":23,"loc":{"start":{"line":23,"column":24},"end":{"line":23,"column":36}}},"4":{"name":"(anonymous_4)","line":61,"loc":{"start":{"line":61,"column":5},"end":{"line":61,"column":17}}},"5":{"name":"(anonymous_5)","line":82,"loc":{"start":{"line":82,"column":5},"end":{"line":82,"column":17}}},"6":{"name":"(anonymous_6)","line":91,"loc":{"start":{"line":91,"column":77},"end":{"line":94,"column":10}}},"7":{"name":"(anonymous_7)","line":112,"loc":{"start":{"line":112,"column":83},"end":{"line":115,"column":10}},"skip":true},"8":{"name":"(anonymous_8)","line":123,"loc":{"start":{"line":123,"column":77},"end":{"line":126,"column":10}},"skip":true},"9":{"name":"(anonymous_9)","line":139,"loc":{"start":{"line":139,"column":12},"end":{"line":139,"column":40}},"skip":true},"10":{"name":"(anonymous_10)","line":147,"loc":{"start":{"line":147,"column":77},"end":{"line":150,"column":10}},"skip":true},"11":{"name":"(anonymous_11)","line":158,"loc":{"start":{"line":158,"column":83},"end":{"line":161,"column":10}},"skip":true},"12":{"name":"(anonymous_12)","line":169,"loc":{"start":{"line":169,"column":79},"end":{"line":172,"column":10}},"skip":true},"13":{"name":"(anonymous_13)","line":180,"loc":{"start":{"line":180,"column":75},"end":{"line":183,"column":10}},"skip":true}},"statementMap":{"1":{"start":{"line":12,"column":0},"end":{"line":195,"column":5}},"2":{"start":{"line":14,"column":4},"end":{"line":14,"column":14}},"3":{"start":{"line":19,"column":4},"end":{"line":56,"column":9}},"4":{"start":{"line":21,"column":8},"end":{"line":21,"column":19}},"5":{"start":{"line":23,"column":8},"end":{"line":35,"column":13}},"6":{"start":{"line":24,"column":12},"end":{"line":34,"column":13}},"7":{"start":{"line":25,"column":16},"end":{"line":28,"column":30}},"8":{"start":{"line":30,"column":16},"end":{"line":33,"column":27}},"9":{"start":{"line":37,"column":8},"end":{"line":39,"column":21}},"10":{"start":{"line":40,"column":8},"end":{"line":53,"column":9}},"11":{"start":{"line":43,"column":12},"end":{"line":46,"column":14}},"12":{"start":{"line":47,"column":12},"end":{"line":47,"column":18}},"13":{"start":{"line":50,"column":12},"end":{"line":51,"column":33}},"14":{"start":{"line":52,"column":12},"end":{"line":52,"column":18}},"15":{"start":{"line":55,"column":8},"end":{"line":55,"column":35}},"16":{"start":{"line":61,"column":4},"end":{"line":63,"column":9}},"17":{"start":{"line":62,"column":8},"end":{"line":62,"column":15}},"18":{"start":{"line":64,"column":4},"end":{"line":77,"column":5}},"19":{"start":{"line":70,"column":8},"end":{"line":70,"column":14}},"20":{"start":{"line":76,"column":8},"end":{"line":76,"column":14}},"21":{"start":{"line":82,"column":4},"end":{"line":84,"column":9}},"22":{"start":{"line":83,"column":8},"end":{"line":83,"column":15}},"23":{"start":{"line":85,"column":4},"end":{"line":194,"column":5}},"24":{"start":{"line":91,"column":8},"end":{"line":99,"column":10}},"25":{"start":{"line":98,"column":12},"end":{"line":98,"column":35}},"26":{"start":{"line":102,"column":8},"end":{"line":104,"column":63}},"27":{"start":{"line":105,"column":8},"end":{"line":105,"column":14}},"28":{"start":{"line":112,"column":8},"end":{"line":121,"column":10},"skip":true},"29":{"start":{"line":119,"column":12},"end":{"line":119,"column":55},"skip":true},"30":{"start":{"line":120,"column":12},"end":{"line":120,"column":48},"skip":true},"31":{"start":{"line":123,"column":8},"end":{"line":136,"column":10},"skip":true},"32":{"start":{"line":130,"column":12},"end":{"line":130,"column":76},"skip":true},"33":{"start":{"line":131,"column":12},"end":{"line":131,"column":73},"skip":true},"34":{"start":{"line":132,"column":12},"end":{"line":132,"column":74},"skip":true},"35":{"start":{"line":133,"column":12},"end":{"line":133,"column":79},"skip":true},"36":{"start":{"line":134,"column":12},"end":{"line":134,"column":25},"skip":true},"37":{"start":{"line":135,"column":12},"end":{"line":135,"column":45},"skip":true},"38":{"start":{"line":138,"column":8},"end":{"line":145,"column":14},"skip":true},"39":{"start":{"line":143,"column":16},"end":{"line":143,"column":29},"skip":true},"40":{"start":{"line":144,"column":16},"end":{"line":144,"column":55},"skip":true},"41":{"start":{"line":147,"column":8},"end":{"line":156,"column":10},"skip":true},"42":{"start":{"line":154,"column":12},"end":{"line":154,"column":25},"skip":true},"43":{"start":{"line":155,"column":12},"end":{"line":155,"column":45},"skip":true},"44":{"start":{"line":158,"column":8},"end":{"line":167,"column":10},"skip":true},"45":{"start":{"line":165,"column":12},"end":{"line":165,"column":25},"skip":true},"46":{"start":{"line":166,"column":12},"end":{"line":166,"column":48},"skip":true},"47":{"start":{"line":169,"column":8},"end":{"line":178,"column":10},"skip":true},"48":{"start":{"line":176,"column":12},"end":{"line":176,"column":25},"skip":true},"49":{"start":{"line":177,"column":12},"end":{"line":177,"column":46},"skip":true},"50":{"start":{"line":180,"column":8},"end":{"line":189,"column":10},"skip":true},"51":{"start":{"line":187,"column":12},"end":{"line":187,"column":94},"skip":true},"52":{"start":{"line":188,"column":12},"end":{"line":188,"column":48},"skip":true},"53":{"start":{"line":192,"column":8},"end":{"line":192,"column":35},"skip":true},"54":{"start":{"line":193,"column":8},"end":{"line":193,"column":14},"skip":true}},"branchMap":{"1":{"line":25,"type":"binary-expr","locations":[{"start":{"line":25,"column":23},"end":{"line":25,"column":62}},{"start":{"line":26,"column":20},"end":{"line":26,"column":70}},{"start":{"line":27,"column":20},"end":{"line":27,"column":71}},{"start":{"line":28,"column":20},"end":{"line":28,"column":29}}]},"2":{"line":30,"type":"binary-expr","locations":[{"start":{"line":30,"column":23},"end":{"line":30,"column":37}},{"start":{"line":31,"column":20},"end":{"line":31,"column":61}},{"start":{"line":32,"column":20},"end":{"line":32,"column":70}},{"start":{"line":33,"column":20},"end":{"line":33,"column":26}}]},"3":{"line":37,"type":"cond-expr","locations":[{"start":{"line":38,"column":14},"end":{"line":38,"column":20}},{"start":{"line":39,"column":14},"end":{"line":39,"column":20}}]},"4":{"line":40,"type":"switch","locations":[{"start":{"line":42,"column":8},"end":{"line":47,"column":18}},{"start":{"line":49,"column":8},"end":{"line":52,"column":18}}]},"5":{"line":44,"type":"binary-expr","locations":[{"start":{"line":44,"column":16},"end":{"line":44,"column":44}},{"start":{"line":44,"column":48},"end":{"line":44,"column":66}}]},"6":{"line":50,"type":"binary-expr","locations":[{"start":{"line":50,"column":21},"end":{"line":50,"column":49}},{"start":{"line":50,"column":53},"end":{"line":50,"column":72}}]},"7":{"line":64,"type":"switch","locations":[{"start":{"line":69,"column":4},"end":{"line":70,"column":14}},{"start":{"line":75,"column":4},"end":{"line":76,"column":14}}]},"8":{"line":85,"type":"switch","locations":[{"start":{"line":90,"column":4},"end":{"line":105,"column":14}},{"start":{"line":111,"column":4},"end":{"line":193,"column":14},"skip":true}]},"9":{"line":91,"type":"binary-expr","locations":[{"start":{"line":91,"column":42},"end":{"line":91,"column":73}},{"start":{"line":91,"column":77},"end":{"line":99,"column":9}}]},"10":{"line":102,"type":"binary-expr","locations":[{"start":{"line":102,"column":18},"end":{"line":102,"column":32}},{"start":{"line":103,"column":12},"end":{"line":103,"column":53}},{"start":{"line":104,"column":12},"end":{"line":104,"column":61}}]},"11":{"line":112,"type":"binary-expr","locations":[{"start":{"line":112,"column":45},"end":{"line":112,"column":79},"skip":true},{"start":{"line":112,"column":83},"end":{"line":121,"column":9},"skip":true}]},"12":{"line":123,"type":"binary-expr","locations":[{"start":{"line":123,"column":42},"end":{"line":123,"column":73},"skip":true},{"start":{"line":123,"column":77},"end":{"line":136,"column":9},"skip":true}]},"13":{"line":138,"type":"binary-expr","locations":[{"start":{"line":138,"column":48},"end":{"line":138,"column":85},"skip":true},{"start":{"line":139,"column":12},"end":{"line":145,"column":13},"skip":true}]},"14":{"line":147,"type":"binary-expr","locations":[{"start":{"line":147,"column":42},"end":{"line":147,"column":73},"skip":true},{"start":{"line":147,"column":77},"end":{"line":156,"column":9},"skip":true}]},"15":{"line":158,"type":"binary-expr","locations":[{"start":{"line":158,"column":45},"end":{"line":158,"column":79},"skip":true},{"start":{"line":158,"column":83},"end":{"line":167,"column":9},"skip":true}]},"16":{"line":169,"type":"binary-expr","locations":[{"start":{"line":169,"column":43},"end":{"line":169,"column":75},"skip":true},{"start":{"line":169,"column":79},"end":{"line":178,"column":9},"skip":true}]},"17":{"line":180,"type":"binary-expr","locations":[{"start":{"line":180,"column":41},"end":{"line":180,"column":71},"skip":true},{"start":{"line":180,"column":75},"end":{"line":189,"column":9},"skip":true}]}},"code":["/* istanbul instrument in package npmtest_knockout_validation */","/*jslint","    bitwise: true,","    browser: true,","    maxerr: 8,","    maxlen: 96,","    node: true,","    nomen: true,","    regexp: true,","    stupid: true","*/","(function () {","    'use strict';","    var local;","","","","    // run shared js-env code - pre-init","    (function () {","        // init local","        local = {};","        // init modeJs","        local.modeJs = (function () {","            try {","                return typeof navigator.userAgent === 'string' &&","                    typeof document.querySelector('body') === 'object' &&","                    typeof XMLHttpRequest.prototype.open === 'function' &&","                    'browser';","            } catch (errorCaughtBrowser) {","                return module.exports &&","                    typeof process.versions.node === 'string' &&","                    typeof require('http').createServer === 'function' &&","                    'node';","            }","        }());","        // init global","        local.global = local.modeJs === 'browser'","            ? window","            : global;","        switch (local.modeJs) {","        // re-init local from window.local","        case 'browser':","            local = local.global.utility2.objectSetDefault(","                local.global.utility2_rollup || local.global.local,","                local.global.utility2","            );","            break;","        // re-init local from example.js","        case 'node':","            local = (local.global.utility2_rollup || require('utility2'))","                .requireReadme();","            break;","        }","        // export local","        local.global.local = local;","    }());","","","","    // run shared js-env code - function","    (function () {","        return;","    }());","    switch (local.modeJs) {","","","","    // run browser js-env code - function","    case 'browser':","        break;","","","","    // run node js-env code - function","    case 'node':","        break;","    }","","","","    // run shared js-env code - post-init","    (function () {","        return;","    }());","    switch (local.modeJs) {","","","","    // run browser js-env code - post-init","    case 'browser':","        local.testCase_browser_nullCase = local.testCase_browser_nullCase || function (","            options,","            onError","        ) {","        /*","         * this function will test browsers's null-case handling-behavior-behavior","         */","            onError(null, options);","        };","","        // run tests","        local.nop(local.modeTest &&","            document.querySelector('#testRunButton1') &&","            document.querySelector('#testRunButton1').click());","        break;","","","","    // run node js-env code - post-init","    /* istanbul ignore next */","    case 'node':","        local.testCase_buildApidoc_default = local.testCase_buildApidoc_default || function (","            options,","            onError","        ) {","        /*","         * this function will test buildApidoc's default handling-behavior-behavior","         */","            options = { modulePathList: module.paths };","            local.buildApidoc(options, onError);","        };","","        local.testCase_buildApp_default = local.testCase_buildApp_default || function (","            options,","            onError","        ) {","        /*","         * this function will test buildApp's default handling-behavior-behavior","         */","            local.testCase_buildReadme_default(options, local.onErrorThrow);","            local.testCase_buildLib_default(options, local.onErrorThrow);","            local.testCase_buildTest_default(options, local.onErrorThrow);","            local.testCase_buildCustomOrg_default(options, local.onErrorThrow);","            options = [];","            local.buildApp(options, onError);","        };","","        local.testCase_buildCustomOrg_default = local.testCase_buildCustomOrg_default ||","            function (options, onError) {","            /*","             * this function will test buildCustomOrg's default handling-behavior","             */","                options = {};","                local.buildCustomOrg(options, onError);","            };","","        local.testCase_buildLib_default = local.testCase_buildLib_default || function (","            options,","            onError","        ) {","        /*","         * this function will test buildLib's default handling-behavior","         */","            options = {};","            local.buildLib(options, onError);","        };","","        local.testCase_buildReadme_default = local.testCase_buildReadme_default || function (","            options,","            onError","        ) {","        /*","         * this function will test buildReadme's default handling-behavior-behavior","         */","            options = {};","            local.buildReadme(options, onError);","        };","","        local.testCase_buildTest_default = local.testCase_buildTest_default || function (","            options,","            onError","        ) {","        /*","         * this function will test buildTest's default handling-behavior","         */","            options = {};","            local.buildTest(options, onError);","        };","","        local.testCase_webpage_default = local.testCase_webpage_default || function (","            options,","            onError","        ) {","        /*","         * this function will test webpage's default handling-behavior","         */","            options = { modeCoverageMerge: true, url: local.serverLocalHost + '?modeTest=1' };","            local.browserTest(options, onError);","        };","","        // run test-server","        local.testRunServer(local);","        break;","    }","}());",""],"l":{"12":2,"14":2,"19":2,"21":2,"23":2,"24":2,"25":2,"30":1,"37":2,"40":2,"43":1,"47":1,"50":1,"52":1,"55":2,"61":2,"62":2,"64":2,"70":1,"76":1,"82":2,"83":2,"85":2,"91":1,"98":1,"102":1,"105":1,"112":1,"119":1,"120":1,"123":1,"130":1,"131":1,"132":1,"133":1,"134":1,"135":1,"138":1,"143":2,"144":2,"147":1,"154":2,"155":2,"158":1,"165":2,"166":2,"169":1,"176":2,"177":2,"180":1,"187":1,"188":1,"192":1,"193":1}},"/home/travis/build/npmtest/node-npmtest-knockout.validation/lib.npmtest_knockout.validation.js":{"path":"/home/travis/build/npmtest/node-npmtest-knockout.validation/lib.npmtest_knockout.validation.js","s":{"1":2,"2":2,"3":2,"4":2,"5":2,"6":2,"7":2,"8":1,"9":2,"10":2,"11":2,"12":2,"13":1,"14":1,"15":1,"16":1},"b":{"1":[2,1,1,1],"2":[1,1,1,1],"3":[1,1],"4":[2,2],"5":[1,1]},"f":{"1":2,"2":2,"3":2},"fnMap":{"1":{"name":"(anonymous_1)","line":12,"loc":{"start":{"line":12,"column":1},"end":{"line":12,"column":13}}},"2":{"name":"(anonymous_2)","line":19,"loc":{"start":{"line":19,"column":5},"end":{"line":19,"column":17}}},"3":{"name":"(anonymous_3)","line":23,"loc":{"start":{"line":23,"column":24},"end":{"line":23,"column":36}}}},"statementMap":{"1":{"start":{"line":12,"column":0},"end":{"line":53,"column":5}},"2":{"start":{"line":14,"column":4},"end":{"line":14,"column":14}},"3":{"start":{"line":19,"column":4},"end":{"line":52,"column":9}},"4":{"start":{"line":21,"column":8},"end":{"line":21,"column":19}},"5":{"start":{"line":23,"column":8},"end":{"line":35,"column":13}},"6":{"start":{"line":24,"column":12},"end":{"line":34,"column":13}},"7":{"start":{"line":25,"column":16},"end":{"line":28,"column":30}},"8":{"start":{"line":30,"column":16},"end":{"line":33,"column":27}},"9":{"start":{"line":37,"column":8},"end":{"line":39,"column":21}},"10":{"start":{"line":41,"column":8},"end":{"line":41,"column":54}},"11":{"start":{"line":43,"column":8},"end":{"line":43,"column":64}},"12":{"start":{"line":45,"column":8},"end":{"line":51,"column":9}},"13":{"start":{"line":46,"column":12},"end":{"line":46,"column":70}},"14":{"start":{"line":48,"column":12},"end":{"line":48,"column":35}},"15":{"start":{"line":49,"column":12},"end":{"line":49,"column":49}},"16":{"start":{"line":50,"column":12},"end":{"line":50,"column":43}}},"branchMap":{"1":{"line":25,"type":"binary-expr","locations":[{"start":{"line":25,"column":23},"end":{"line":25,"column":62}},{"start":{"line":26,"column":20},"end":{"line":26,"column":70}},{"start":{"line":27,"column":20},"end":{"line":27,"column":71}},{"start":{"line":28,"column":20},"end":{"line":28,"column":29}}]},"2":{"line":30,"type":"binary-expr","locations":[{"start":{"line":30,"column":23},"end":{"line":30,"column":37}},{"start":{"line":31,"column":20},"end":{"line":31,"column":61}},{"start":{"line":32,"column":20},"end":{"line":32,"column":70}},{"start":{"line":33,"column":20},"end":{"line":33,"column":26}}]},"3":{"line":37,"type":"cond-expr","locations":[{"start":{"line":38,"column":14},"end":{"line":38,"column":20}},{"start":{"line":39,"column":14},"end":{"line":39,"column":20}}]},"4":{"line":41,"type":"binary-expr","locations":[{"start":{"line":41,"column":16},"end":{"line":41,"column":44}},{"start":{"line":41,"column":48},"end":{"line":41,"column":53}}]},"5":{"line":45,"type":"if","locations":[{"start":{"line":45,"column":8},"end":{"line":45,"column":8}},{"start":{"line":45,"column":8},"end":{"line":45,"column":8}}]}},"code":["/* istanbul instrument in package npmtest_knockout_validation */","/*jslint","    bitwise: true,","    browser: true,","    maxerr: 8,","    maxlen: 96,","    node: true,","    nomen: true,","    regexp: true,","    stupid: true","*/","(function () {","    'use strict';","    var local;","","","","    // run shared js-env code - pre-init","    (function () {","        // init local","        local = {};","        // init modeJs","        local.modeJs = (function () {","            try {","                return typeof navigator.userAgent === 'string' &&","                    typeof document.querySelector('body') === 'object' &&","                    typeof XMLHttpRequest.prototype.open === 'function' &&","                    'browser';","            } catch (errorCaughtBrowser) {","                return module.exports &&","                    typeof process.versions.node === 'string' &&","                    typeof require('http').createServer === 'function' &&","                    'node';","            }","        }());","        // init global","        local.global = local.modeJs === 'browser'","            ? window","            : global;","        // init utility2_rollup","        local = local.global.utility2_rollup || local;","        // init lib","        local.local = local.npmtest_knockout_validation = local;","        // init exports","        if (local.modeJs === 'browser') {","            local.global.utility2_npmtest_knockout_validation = local;","        } else {","            module.exports = local;","            module.exports.__dirname = __dirname;","            module.exports.module = module;","        }","    }());","}());",""],"l":{"12":2,"14":2,"19":2,"21":2,"23":2,"24":2,"25":2,"30":1,"37":2,"41":2,"43":2,"45":2,"46":1,"48":1,"49":1,"50":1}},"/home/travis/build/npmtest/node-npmtest-knockout.validation/example.js":{"path":"/home/travis/build/npmtest/node-npmtest-knockout.validation/example.js","s":{"1":2,"2":2,"3":2,"4":2,"5":2,"6":2,"7":2,"8":1,"9":2,"10":2,"11":2,"12":2,"13":1,"14":2,"15":2,"16":2,"17":2,"18":2,"19":0,"20":2,"21":1,"22":1,"23":1,"24":1,"25":1,"26":0,"27":0,"28":1,"29":1,"30":2,"31":0,"32":0,"33":0,"34":1,"35":2,"36":2,"37":3,"38":3,"39":3,"40":3,"41":0,"42":3,"43":3,"44":3,"45":1,"46":3,"47":1,"48":1,"49":1,"50":1,"51":1,"52":1,"53":1,"54":1,"55":1,"56":1,"57":0,"58":1,"59":6,"60":6,"61":1,"62":2,"63":0,"64":2,"65":1,"66":1,"67":0,"68":0,"69":0,"70":0,"71":0,"72":0,"73":0,"74":0,"75":0,"76":0,"77":0,"78":0,"79":0,"80":0,"81":0,"82":0,"83":0},"b":{"1":[2,1,1,1],"2":[1,1,1,1],"3":[1,1],"4":[2,2],"5":[1,1],"6":[1,1],"7":[2,0],"8":[2,1,1,1,1,1],"9":[0,2,0],"10":[1,1],"11":[2,1,1],"12":[1,0],"13":[0,2],"14":[2,0,0,0,0,0,0],"15":[0,3],"16":[3,0],"17":[1,1],"18":[0,1],"19":[1,2,0,2],"20":[1,0],"21":[1,1],"22":[0,0],"23":[0,0],"24":[0,0],"25":[0,0],"26":[0,0],"27":[0,0],"28":[0,0]},"f":{"1":2,"2":2,"3":2,"4":2,"5":2,"6":2,"7":3,"8":3,"9":3,"10":1,"11":6,"12":0},"fnMap":{"1":{"name":"(anonymous_1)","line":26,"loc":{"start":{"line":26,"column":1},"end":{"line":26,"column":13}}},"2":{"name":"(anonymous_2)","line":33,"loc":{"start":{"line":33,"column":5},"end":{"line":33,"column":17}}},"3":{"name":"(anonymous_3)","line":37,"loc":{"start":{"line":37,"column":24},"end":{"line":37,"column":36}}},"4":{"name":"(anonymous_4)","line":69,"loc":{"start":{"line":69,"column":31},"end":{"line":69,"column":48}},"skip":true},"5":{"name":"(anonymous_5)","line":78,"loc":{"start":{"line":78,"column":26},"end":{"line":78,"column":45}},"skip":true},"6":{"name":"(anonymous_6)","line":123,"loc":{"start":{"line":123,"column":33},"end":{"line":123,"column":48}},"skip":true},"7":{"name":"(anonymous_7)","line":125,"loc":{"start":{"line":125,"column":27},"end":{"line":125,"column":39}},"skip":true},"8":{"name":"(anonymous_8)","line":133,"loc":{"start":{"line":133,"column":59},"end":{"line":133,"column":74}},"skip":true},"9":{"name":"(anonymous_9)","line":143,"loc":{"start":{"line":143,"column":45},"end":{"line":143,"column":62}},"skip":true},"10":{"name":"(anonymous_10)","line":144,"loc":{"start":{"line":144,"column":73},"end":{"line":144,"column":92}},"skip":true},"11":{"name":"(anonymous_11)","line":272,"loc":{"start":{"line":272,"column":51},"end":{"line":272,"column":77}},"skip":true},"12":{"name":"(anonymous_12)","line":315,"loc":{"start":{"line":315,"column":32},"end":{"line":315,"column":61}},"skip":true}},"statementMap":{"1":{"start":{"line":26,"column":0},"end":{"line":326,"column":5}},"2":{"start":{"line":28,"column":4},"end":{"line":28,"column":14}},"3":{"start":{"line":33,"column":4},"end":{"line":60,"column":9}},"4":{"start":{"line":35,"column":8},"end":{"line":35,"column":19}},"5":{"start":{"line":37,"column":8},"end":{"line":49,"column":13}},"6":{"start":{"line":38,"column":12},"end":{"line":48,"column":13}},"7":{"start":{"line":39,"column":16},"end":{"line":42,"column":30}},"8":{"start":{"line":44,"column":16},"end":{"line":47,"column":27}},"9":{"start":{"line":51,"column":8},"end":{"line":53,"column":21}},"10":{"start":{"line":55,"column":8},"end":{"line":57,"column":45}},"11":{"start":{"line":59,"column":8},"end":{"line":59,"column":35}},"12":{"start":{"line":61,"column":4},"end":{"line":325,"column":5}},"13":{"start":{"line":69,"column":8},"end":{"line":121,"column":10},"skip":true},"14":{"start":{"line":70,"column":12},"end":{"line":88,"column":13},"skip":true},"15":{"start":{"line":76,"column":16},"end":{"line":87,"column":19},"skip":true},"16":{"start":{"line":79,"column":20},"end":{"line":86,"column":21},"skip":true},"17":{"start":{"line":82,"column":24},"end":{"line":82,"column":43},"skip":true},"18":{"start":{"line":83,"column":24},"end":{"line":83,"column":30},"skip":true},"19":{"start":{"line":85,"column":24},"end":{"line":85,"column":49},"skip":true},"20":{"start":{"line":89,"column":12},"end":{"line":107,"column":13},"skip":true},"21":{"start":{"line":92,"column":16},"end":{"line":102,"column":17},"skip":true},"22":{"start":{"line":93,"column":20},"end":{"line":93,"column":86},"skip":true},"23":{"start":{"line":94,"column":20},"end":{"line":95,"column":45},"skip":true},"24":{"start":{"line":96,"column":20},"end":{"line":96,"column":42},"skip":true},"25":{"start":{"line":97,"column":20},"end":{"line":97,"column":48},"skip":true},"26":{"start":{"line":100,"column":20},"end":{"line":100,"column":85},"skip":true},"27":{"start":{"line":101,"column":20},"end":{"line":101,"column":96},"skip":true},"28":{"start":{"line":103,"column":16},"end":{"line":103,"column":22},"skip":true},"29":{"start":{"line":106,"column":16},"end":{"line":106,"column":22},"skip":true},"30":{"start":{"line":108,"column":12},"end":{"line":120,"column":13},"skip":true},"31":{"start":{"line":114,"column":16},"end":{"line":119,"column":17},"skip":true},"32":{"start":{"line":116,"column":20},"end":{"line":116,"column":78},"skip":true},"33":{"start":{"line":118,"column":20},"end":{"line":118,"column":47},"skip":true},"34":{"start":{"line":123,"column":8},"end":{"line":141,"column":11},"skip":true},"35":{"start":{"line":124,"column":12},"end":{"line":124,"column":54},"skip":true},"36":{"start":{"line":125,"column":12},"end":{"line":140,"column":14},"skip":true},"37":{"start":{"line":126,"column":16},"end":{"line":126,"column":28},"skip":true},"38":{"start":{"line":127,"column":16},"end":{"line":127,"column":69},"skip":true},"39":{"start":{"line":128,"column":16},"end":{"line":128,"column":75},"skip":true},"40":{"start":{"line":129,"column":16},"end":{"line":131,"column":17},"skip":true},"41":{"start":{"line":130,"column":20},"end":{"line":130,"column":27},"skip":true},"42":{"start":{"line":133,"column":16},"end":{"line":137,"column":36},"skip":true},"43":{"start":{"line":134,"column":20},"end":{"line":136,"column":55},"skip":true},"44":{"start":{"line":139,"column":16},"end":{"line":139,"column":57},"skip":true},"45":{"start":{"line":143,"column":8},"end":{"line":147,"column":11},"skip":true},"46":{"start":{"line":144,"column":12},"end":{"line":146,"column":15},"skip":true},"47":{"start":{"line":145,"column":16},"end":{"line":145,"column":70},"skip":true},"48":{"start":{"line":149,"column":8},"end":{"line":149,"column":31},"skip":true},"49":{"start":{"line":150,"column":8},"end":{"line":150,"column":14},"skip":true},"50":{"start":{"line":158,"column":8},"end":{"line":158,"column":31},"skip":true},"51":{"start":{"line":160,"column":8},"end":{"line":160,"column":33},"skip":true},"52":{"start":{"line":161,"column":8},"end":{"line":161,"column":37},"skip":true},"53":{"start":{"line":162,"column":8},"end":{"line":162,"column":35},"skip":true},"54":{"start":{"line":164,"column":8},"end":{"line":164,"column":50},"skip":true},"55":{"start":{"line":166,"column":8},"end":{"line":256,"column":2},"skip":true},"56":{"start":{"line":258,"column":8},"end":{"line":286,"column":9},"skip":true},"57":{"start":{"line":259,"column":12},"end":{"line":269,"column":14},"skip":true},"58":{"start":{"line":271,"column":12},"end":{"line":285,"column":19},"skip":true},"59":{"start":{"line":274,"column":20},"end":{"line":274,"column":35},"skip":true},"60":{"start":{"line":275,"column":20},"end":{"line":284,"column":21},"skip":true},"61":{"start":{"line":277,"column":24},"end":{"line":277,"column":64},"skip":true},"62":{"start":{"line":279,"column":24},"end":{"line":279,"column":40},"skip":true},"63":{"start":{"line":281,"column":24},"end":{"line":281,"column":40},"skip":true},"64":{"start":{"line":283,"column":24},"end":{"line":283,"column":39},"skip":true},"65":{"start":{"line":288,"column":8},"end":{"line":290,"column":9},"skip":true},"66":{"start":{"line":289,"column":12},"end":{"line":289,"column":18},"skip":true},"67":{"start":{"line":291,"column":8},"end":{"line":293,"column":54},"skip":true},"68":{"start":{"line":296,"column":8},"end":{"line":301,"column":37},"skip":true},"69":{"start":{"line":303,"column":8},"end":{"line":303,"column":82},"skip":true},"70":{"start":{"line":306,"column":8},"end":{"line":308,"column":9},"skip":true},"71":{"start":{"line":307,"column":12},"end":{"line":307,"column":82},"skip":true},"72":{"start":{"line":310,"column":8},"end":{"line":312,"column":9},"skip":true},"73":{"start":{"line":311,"column":12},"end":{"line":311,"column":18},"skip":true},"74":{"start":{"line":313,"column":8},"end":{"line":313,"column":54},"skip":true},"75":{"start":{"line":314,"column":8},"end":{"line":314,"column":69},"skip":true},"76":{"start":{"line":315,"column":8},"end":{"line":323,"column":36},"skip":true},"77":{"start":{"line":316,"column":12},"end":{"line":316,"column":61},"skip":true},"78":{"start":{"line":317,"column":12},"end":{"line":320,"column":13},"skip":true},"79":{"start":{"line":318,"column":16},"end":{"line":318,"column":75},"skip":true},"80":{"start":{"line":319,"column":16},"end":{"line":319,"column":23},"skip":true},"81":{"start":{"line":321,"column":12},"end":{"line":321,"column":38},"skip":true},"82":{"start":{"line":322,"column":12},"end":{"line":322,"column":27},"skip":true},"83":{"start":{"line":324,"column":8},"end":{"line":324,"column":14},"skip":true}},"branchMap":{"1":{"line":39,"type":"binary-expr","locations":[{"start":{"line":39,"column":23},"end":{"line":39,"column":62}},{"start":{"line":40,"column":20},"end":{"line":40,"column":70}},{"start":{"line":41,"column":20},"end":{"line":41,"column":71}},{"start":{"line":42,"column":20},"end":{"line":42,"column":29}}]},"2":{"line":44,"type":"binary-expr","locations":[{"start":{"line":44,"column":23},"end":{"line":44,"column":37}},{"start":{"line":45,"column":20},"end":{"line":45,"column":61}},{"start":{"line":46,"column":20},"end":{"line":46,"column":70}},{"start":{"line":47,"column":20},"end":{"line":47,"column":26}}]},"3":{"line":51,"type":"cond-expr","locations":[{"start":{"line":52,"column":14},"end":{"line":52,"column":20}},{"start":{"line":53,"column":14},"end":{"line":53,"column":20}}]},"4":{"line":55,"type":"binary-expr","locations":[{"start":{"line":55,"column":16},"end":{"line":55,"column":44}},{"start":{"line":55,"column":49},"end":{"line":57,"column":43}}]},"5":{"line":55,"type":"cond-expr","locations":[{"start":{"line":56,"column":14},"end":{"line":56,"column":63}},{"start":{"line":57,"column":14},"end":{"line":57,"column":43}}]},"6":{"line":61,"type":"switch","locations":[{"start":{"line":68,"column":4},"end":{"line":150,"column":14},"skip":true},{"start":{"line":156,"column":4},"end":{"line":324,"column":14},"skip":true}]},"7":{"line":70,"type":"if","locations":[{"start":{"line":70,"column":12},"end":{"line":70,"column":12},"skip":true},{"start":{"line":70,"column":12},"end":{"line":70,"column":12},"skip":true}]},"8":{"line":70,"type":"binary-expr","locations":[{"start":{"line":70,"column":16},"end":{"line":70,"column":22},"skip":true},{"start":{"line":70,"column":27},"end":{"line":70,"column":32},"skip":true},{"start":{"line":71,"column":20},"end":{"line":71,"column":39},"skip":true},{"start":{"line":72,"column":20},"end":{"line":72,"column":49},"skip":true},{"start":{"line":73,"column":20},"end":{"line":73,"column":58},"skip":true},{"start":{"line":74,"column":20},"end":{"line":74,"column":69},"skip":true}]},"9":{"line":79,"type":"switch","locations":[{"start":{"line":80,"column":20},"end":{"line":80,"column":33},"skip":true},{"start":{"line":81,"column":20},"end":{"line":83,"column":30},"skip":true},{"start":{"line":84,"column":20},"end":{"line":85,"column":49},"skip":true}]},"10":{"line":89,"type":"switch","locations":[{"start":{"line":90,"column":12},"end":{"line":103,"column":22},"skip":true},{"start":{"line":105,"column":12},"end":{"line":106,"column":22},"skip":true}]},"11":{"line":89,"type":"binary-expr","locations":[{"start":{"line":89,"column":20},"end":{"line":89,"column":25},"skip":true},{"start":{"line":89,"column":29},"end":{"line":89,"column":48},"skip":true},{"start":{"line":89,"column":52},"end":{"line":89,"column":74},"skip":true}]},"12":{"line":92,"type":"if","locations":[{"start":{"line":92,"column":16},"end":{"line":92,"column":16},"skip":true},{"start":{"line":92,"column":16},"end":{"line":92,"column":16},"skip":true}]},"13":{"line":108,"type":"if","locations":[{"start":{"line":108,"column":12},"end":{"line":108,"column":12},"skip":true},{"start":{"line":108,"column":12},"end":{"line":108,"column":12},"skip":true}]},"14":{"line":108,"type":"binary-expr","locations":[{"start":{"line":108,"column":16},"end":{"line":108,"column":61},"skip":true},{"start":{"line":108,"column":66},"end":{"line":108,"column":72},"skip":true},{"start":{"line":108,"column":77},"end":{"line":108,"column":82},"skip":true},{"start":{"line":109,"column":20},"end":{"line":109,"column":39},"skip":true},{"start":{"line":110,"column":20},"end":{"line":110,"column":49},"skip":true},{"start":{"line":111,"column":20},"end":{"line":111,"column":58},"skip":true},{"start":{"line":112,"column":20},"end":{"line":112,"column":68},"skip":true}]},"15":{"line":129,"type":"if","locations":[{"start":{"line":129,"column":16},"end":{"line":129,"column":16},"skip":true},{"start":{"line":129,"column":16},"end":{"line":129,"column":16},"skip":true}]},"16":{"line":134,"type":"cond-expr","locations":[{"start":{"line":135,"column":26},"end":{"line":135,"column":29},"skip":true},{"start":{"line":136,"column":26},"end":{"line":136,"column":54},"skip":true}]},"17":{"line":164,"type":"binary-expr","locations":[{"start":{"line":164,"column":27},"end":{"line":164,"column":43},"skip":true},{"start":{"line":164,"column":47},"end":{"line":164,"column":49},"skip":true}]},"18":{"line":258,"type":"if","locations":[{"start":{"line":258,"column":8},"end":{"line":258,"column":8},"skip":true},{"start":{"line":258,"column":8},"end":{"line":258,"column":8},"skip":true}]},"19":{"line":275,"type":"switch","locations":[{"start":{"line":276,"column":20},"end":{"line":277,"column":64},"skip":true},{"start":{"line":278,"column":20},"end":{"line":279,"column":40},"skip":true},{"start":{"line":280,"column":20},"end":{"line":281,"column":40},"skip":true},{"start":{"line":282,"column":20},"end":{"line":283,"column":39},"skip":true}]},"20":{"line":288,"type":"if","locations":[{"start":{"line":288,"column":8},"end":{"line":288,"column":8},"skip":true},{"start":{"line":288,"column":8},"end":{"line":288,"column":8},"skip":true}]},"21":{"line":288,"type":"binary-expr","locations":[{"start":{"line":288,"column":12},"end":{"line":288,"column":40},"skip":true},{"start":{"line":288,"column":44},"end":{"line":288,"column":67},"skip":true}]},"22":{"line":292,"type":"binary-expr","locations":[{"start":{"line":292,"column":12},"end":{"line":292,"column":50},"skip":true},{"start":{"line":293,"column":12},"end":{"line":293,"column":53},"skip":true}]},"23":{"line":297,"type":"binary-expr","locations":[{"start":{"line":297,"column":12},"end":{"line":297,"column":77},"skip":true},{"start":{"line":298,"column":12},"end":{"line":301,"column":36},"skip":true}]},"24":{"line":303,"type":"binary-expr","locations":[{"start":{"line":303,"column":43},"end":{"line":303,"column":75},"skip":true},{"start":{"line":303,"column":79},"end":{"line":303,"column":81},"skip":true}]},"25":{"line":306,"type":"if","locations":[{"start":{"line":306,"column":8},"end":{"line":306,"column":8},"skip":true},{"start":{"line":306,"column":8},"end":{"line":306,"column":8},"skip":true}]},"26":{"line":310,"type":"if","locations":[{"start":{"line":310,"column":8},"end":{"line":310,"column":8},"skip":true},{"start":{"line":310,"column":8},"end":{"line":310,"column":8},"skip":true}]},"27":{"line":313,"type":"binary-expr","locations":[{"start":{"line":313,"column":27},"end":{"line":313,"column":43},"skip":true},{"start":{"line":313,"column":47},"end":{"line":313,"column":53},"skip":true}]},"28":{"line":317,"type":"if","locations":[{"start":{"line":317,"column":12},"end":{"line":317,"column":12},"skip":true},{"start":{"line":317,"column":12},"end":{"line":317,"column":12},"skip":true}]}},"code":["/*","example.js","","quickstart example","","instruction","    1. save this script as example.js","    2. run the shell command:","        $ npm install npmtest-knockout.validation && PORT=8081 node example.js","    3. play with the browser-demo on http://127.0.0.1:8081","*/","","","","/* istanbul instrument in package npmtest_knockout_validation */","/*jslint","    bitwise: true,","    browser: true,","    maxerr: 8,","    maxlen: 96,","    node: true,","    nomen: true,","    regexp: true,","    stupid: true","*/","(function () {","    'use strict';","    var local;","","","","    // run shared js-env code - pre-init","    (function () {","        // init local","        local = {};","        // init modeJs","        local.modeJs = (function () {","            try {","                return typeof navigator.userAgent === 'string' &&","                    typeof document.querySelector('body') === 'object' &&","                    typeof XMLHttpRequest.prototype.open === 'function' &&","                    'browser';","            } catch (errorCaughtBrowser) {","                return module.exports &&","                    typeof process.versions.node === 'string' &&","                    typeof require('http').createServer === 'function' &&","                    'node';","            }","        }());","        // init global","        local.global = local.modeJs === 'browser'","            ? window","            : global;","        // init utility2_rollup","        local = local.global.utility2_rollup || (local.modeJs === 'browser'","            ? local.global.utility2_npmtest_knockout_validation","            : global.utility2_moduleExports);","        // export local","        local.global.local = local;","    }());","    switch (local.modeJs) {","","","","    // post-init","    // run browser js-env code - post-init","    /* istanbul ignore next */","    case 'browser':","        local.testRunBrowser = function (event) {","            if (!event || (event &&","                    event.currentTarget &&","                    event.currentTarget.className &&","                    event.currentTarget.className.includes &&","                    event.currentTarget.className.includes('onreset'))) {","                // reset output","                Array.from(","                    document.querySelectorAll('body > .resettable')","                ).forEach(function (element) {","                    switch (element.tagName) {","                    case 'INPUT':","                    case 'TEXTAREA':","                        element.value = '';","                        break;","                    default:","                        element.textContent = '';","                    }","                });","            }","            switch (event && event.currentTarget && event.currentTarget.id) {","            case 'testRunButton1':","                // show tests","                if (document.querySelector('#testReportDiv1').style.display === 'none') {","                    document.querySelector('#testReportDiv1').style.display = 'block';","                    document.querySelector('#testRunButton1').textContent =","                        'hide internal test';","                    local.modeTest = true;","                    local.testRunDefault(local);","                // hide tests","                } else {","                    document.querySelector('#testReportDiv1').style.display = 'none';","                    document.querySelector('#testRunButton1').textContent = 'run internal test';","                }","                break;","            // custom-case","            default:","                break;","            }","            if (document.querySelector('#inputTextareaEval1') && (!event || (event &&","                    event.currentTarget &&","                    event.currentTarget.className &&","                    event.currentTarget.className.includes &&","                    event.currentTarget.className.includes('oneval')))) {","                // try to eval input-code","                try {","                    /*jslint evil: true*/","                    eval(document.querySelector('#inputTextareaEval1').value);","                } catch (errorCaught) {","                    console.error(errorCaught);","                }","            }","        };","        // log stderr and stdout to #outputTextareaStdout1","        ['error', 'log'].forEach(function (key) {","            console[key + '_original'] = console[key];","            console[key] = function () {","                var element;","                console[key + '_original'].apply(console, arguments);","                element = document.querySelector('#outputTextareaStdout1');","                if (!element) {","                    return;","                }","                // append text to #outputTextareaStdout1","                element.value += Array.from(arguments).map(function (arg) {","                    return typeof arg === 'string'","                        ? arg","                        : JSON.stringify(arg, null, 4);","                }).join(' ') + '\\n';","                // scroll textarea to bottom","                element.scrollTop = element.scrollHeight;","            };","        });","        // init event-handling","        ['change', 'click', 'keyup'].forEach(function (event) {","            Array.from(document.querySelectorAll('.on' + event)).forEach(function (element) {","                element.addEventListener(event, local.testRunBrowser);","            });","        });","        // run tests","        local.testRunBrowser();","        break;","","","","    // run node js-env code - post-init","    /* istanbul ignore next */","    case 'node':","        // export local","        module.exports = local;","        // require modules","        local.fs = require('fs');","        local.http = require('http');","        local.url = require('url');","        // init assets","        local.assetsDict = local.assetsDict || {};","        /* jslint-ignore-begin */","        local.assetsDict['/assets.index.template.html'] = '\\","<!doctype html>\\n\\","<html lang=\"en\">\\n\\","<head>\\n\\","<meta charset=\"UTF-8\">\\n\\","<meta name=\"viewport\" content=\"width=device-width, initial-scale=1\">\\n\\","<title>{{env.npm_package_name}} (v{{env.npm_package_version}})</title>\\n\\","<style>\\n\\","/*csslint\\n\\","    box-sizing: false,\\n\\","    universal-selector: false\\n\\","*/\\n\\","* {\\n\\","    box-sizing: border-box;\\n\\","}\\n\\","body {\\n\\","    background: #dde;\\n\\","    font-family: Arial, Helvetica, sans-serif;\\n\\","    margin: 2rem;\\n\\","}\\n\\","body > * {\\n\\","    margin-bottom: 1rem;\\n\\","}\\n\\",".utility2FooterDiv {\\n\\","    margin-top: 20px;\\n\\","    text-align: center;\\n\\","}\\n\\","</style>\\n\\","<style>\\n\\","/*csslint\\n\\","*/\\n\\","textarea {\\n\\","    font-family: monospace;\\n\\","    height: 10rem;\\n\\","    width: 100%;\\n\\","}\\n\\","textarea[readonly] {\\n\\","    background: #ddd;\\n\\","}\\n\\","</style>\\n\\","</head>\\n\\","<body>\\n\\","<!-- utility2-comment\\n\\","<div id=\"ajaxProgressDiv1\" style=\"background: #d00; height: 2px; left: 0; margin: 0; padding: 0; position: fixed; top: 0; transition: background 0.5s, width 1.5s; width: 25%;\"></div>\\n\\","utility2-comment -->\\n\\","<h1>\\n\\","<!-- utility2-comment\\n\\","    <a\\n\\","        {{#if env.npm_package_homepage}}\\n\\","        href=\"{{env.npm_package_homepage}}\"\\n\\","        {{/if env.npm_package_homepage}}\\n\\","        target=\"_blank\"\\n\\","    >\\n\\","utility2-comment -->\\n\\","        {{env.npm_package_name}} (v{{env.npm_package_version}})\\n\\","<!-- utility2-comment\\n\\","    </a>\\n\\","utility2-comment -->\\n\\","</h1>\\n\\","<h3>{{env.npm_package_description}}</h3>\\n\\","<!-- utility2-comment\\n\\","<h4><a download href=\"assets.app.js\">download standalone app</a></h4>\\n\\","<button class=\"onclick onreset\" id=\"testRunButton1\">run internal test</button><br>\\n\\","<div id=\"testReportDiv1\" style=\"display: none;\"></div>\\n\\","utility2-comment -->\\n\\","\\n\\","\\n\\","\\n\\","<label>stderr and stdout</label>\\n\\","<textarea class=\"resettable\" id=\"outputTextareaStdout1\" readonly></textarea>\\n\\","<!-- utility2-comment\\n\\","{{#if isRollup}}\\n\\","<script src=\"assets.app.js\"></script>\\n\\","{{#unless isRollup}}\\n\\","utility2-comment -->\\n\\","<script src=\"assets.utility2.rollup.js\"></script>\\n\\","<script src=\"jsonp.utility2._stateInit?callback=window.utility2._stateInit\"></script>\\n\\","<script src=\"assets.npmtest_knockout_validation.rollup.js\"></script>\\n\\","<script src=\"assets.example.js\"></script>\\n\\","<script src=\"assets.test.js\"></script>\\n\\","<!-- utility2-comment\\n\\","{{/if isRollup}}\\n\\","utility2-comment -->\\n\\","<div class=\"utility2FooterDiv\">\\n\\","    [ this app was created with\\n\\","    <a href=\"https://github.com/kaizhu256/node-utility2\" target=\"_blank\">utility2</a>\\n\\","    ]\\n\\","</div>\\n\\","</body>\\n\\","</html>\\n\\","';","        /* jslint-ignore-end */","        if (local.templateRender) {","            local.assetsDict['/'] = local.templateRender(","                local.assetsDict['/assets.index.template.html'],","                {","                    env: local.objectSetDefault(local.env, {","                        npm_package_description: 'the greatest app in the world!',","                        npm_package_name: 'my-app',","                        npm_package_nameAlias: 'my_app',","                        npm_package_version: '0.0.1'","                    })","                }","            );","        } else {","            local.assetsDict['/'] = local.assetsDict['/assets.index.template.html']","                .replace((/\\{\\{env\\.(\\w+?)\\}\\}/g), function (match0, match1) {","                    // jslint-hack","                    String(match0);","                    switch (match1) {","                    case 'npm_package_description':","                        return 'the greatest app in the world!';","                    case 'npm_package_name':","                        return 'my-app';","                    case 'npm_package_nameAlias':","                        return 'my_app';","                    case 'npm_package_version':","                        return '0.0.1';","                    }","                });","        }","        // run the cli","        if (local.global.utility2_rollup || module !== require.main) {","            break;","        }","        local.assetsDict['/assets.example.js'] =","            local.assetsDict['/assets.example.js'] ||","            local.fs.readFileSync(__filename, 'utf8');","        // bug-workaround - long $npm_package_buildCustomOrg","        /* jslint-ignore-begin */","        local.assetsDict['/assets.npmtest_knockout_validation.rollup.js'] =","            local.assetsDict['/assets.npmtest_knockout_validation.rollup.js'] ||","            local.fs.readFileSync(","                local.npmtest_knockout_validation.__dirname + '/lib.npmtest_knockout_validation.js',","                'utf8'","            ).replace((/^#!/), '//');","        /* jslint-ignore-end */","        local.assetsDict['/favicon.ico'] = local.assetsDict['/favicon.ico'] || '';","        // if $npm_config_timeout_exit exists,","        // then exit this process after $npm_config_timeout_exit ms","        if (Number(process.env.npm_config_timeout_exit)) {","            setTimeout(process.exit, Number(process.env.npm_config_timeout_exit));","        }","        // start server","        if (local.global.utility2_serverHttp1) {","            break;","        }","        process.env.PORT = process.env.PORT || '8081';","        console.error('server starting on port ' + process.env.PORT);","        local.http.createServer(function (request, response) {","            request.urlParsed = local.url.parse(request.url);","            if (local.assetsDict[request.urlParsed.pathname] !== undefined) {","                response.end(local.assetsDict[request.urlParsed.pathname]);","                return;","            }","            response.statusCode = 404;","            response.end();","        }).listen(process.env.PORT);","        break;","    }","}());",""],"l":{"26":2,"28":2,"33":2,"35":2,"37":2,"38":2,"39":2,"44":1,"51":2,"55":2,"59":2,"61":2,"69":1,"70":2,"76":2,"79":2,"82":2,"83":2,"85":1,"89":2,"92":1,"93":1,"94":1,"96":1,"97":1,"100":1,"101":1,"103":1,"106":1,"108":2,"114":1,"116":1,"118":1,"123":1,"124":2,"125":2,"126":3,"127":3,"128":3,"129":3,"130":1,"133":3,"134":3,"139":3,"143":1,"144":3,"145":1,"149":1,"150":1,"158":1,"160":1,"161":1,"162":1,"164":1,"166":1,"258":1,"259":1,"271":1,"274":6,"275":6,"277":1,"279":2,"281":1,"283":2,"288":1,"289":1,"291":1,"296":1,"303":1,"306":1,"307":1,"310":1,"311":1,"313":1,"314":1,"315":1,"316":1,"317":1,"318":1,"319":1,"321":1,"322":1,"324":1}},"/home/travis/build/npmtest/node-npmtest-knockout.validation/node_modules/knockout.validation/dist/knockout.validation.js":{"path":"/home/travis/build/npmtest/node-npmtest-knockout.validation/node_modules/knockout.validation/dist/knockout.validation.js","s":{"1":1,"2":1,"3":1,"4":0,"5":0,"6":0,"7":1,"8":0,"9":1,"10":1,"11":1,"12":1,"13":1,"14":1,"15":1,"16":0,"17":1,"18":1,"19":1,"20":1,"21":1,"22":1,"23":0,"24":0,"25":0,"26":0,"27":0,"28":0,"29":0,"30":0,"31":0,"32":0,"33":0,"34":0,"35":0,"36":0,"37":0,"38":0,"39":0,"40":0,"41":0,"42":0,"43":0,"44":0,"45":0,"46":0,"47":0,"48":0,"49":0,"50":0,"51":0,"52":0,"53":0,"54":0,"55":0,"56":0,"57":0,"58":0,"59":0,"60":0,"61":0,"62":0,"63":0,"64":0,"65":0,"66":0,"67":0,"68":0,"69":0,"70":0,"71":0,"72":0,"73":1,"74":1,"75":1,"76":0,"77":0,"78":0,"79":1,"80":0,"81":0,"82":0,"83":0,"84":0,"85":0,"86":1,"87":0,"88":0,"89":0,"90":0,"91":1,"92":0,"93":0,"94":0,"95":0,"96":0,"97":0,"98":0,"99":0,"100":0,"101":0,"102":0,"103":0,"104":0,"105":0,"106":0,"107":0,"108":0,"109":0,"110":0,"111":0,"112":0,"113":0,"114":0,"115":1,"116":0,"117":0,"118":0,"119":0,"120":0,"121":1,"122":0,"123":0,"124":0,"125":0,"126":0,"127":0,"128":0,"129":0,"130":0,"131":0,"132":0,"133":0,"134":0,"135":0,"136":0,"137":0,"138":0,"139":0,"140":0,"141":0,"142":0,"143":0,"144":0,"145":0,"146":0,"147":0,"148":0,"149":0,"150":0,"151":0,"152":0,"153":0,"154":0,"155":0,"156":0,"157":0,"158":0,"159":0,"160":0,"161":0,"162":0,"163":0,"164":0,"165":0,"166":0,"167":0,"168":0,"169":0,"170":0,"171":0,"172":0,"173":0,"174":0,"175":0,"176":0,"177":0,"178":0,"179":0,"180":0,"181":0,"182":0,"183":0,"184":0,"185":0,"186":0,"187":0,"188":0,"189":0,"190":0,"191":0,"192":0,"193":0,"194":0,"195":0,"196":0,"197":0,"198":0,"199":0,"200":0,"201":0,"202":0,"203":0,"204":0,"205":16,"206":0,"207":0,"208":0,"209":1,"210":1,"211":16,"212":16,"213":16,"214":0,"215":0,"216":0,"217":0,"218":0,"219":0,"220":0,"221":0,"222":0,"223":0,"224":0,"225":0,"226":0,"227":0,"228":0,"229":0,"230":0,"231":0,"232":0,"233":0,"234":0,"235":0,"236":0,"237":0,"238":0,"239":0,"240":0,"241":0,"242":0,"243":0,"244":0,"245":0,"246":4,"247":4,"248":0,"249":0,"250":0,"251":0,"252":0,"253":0,"254":0,"255":0,"256":0,"257":0,"258":0,"259":0,"260":0,"261":0,"262":0,"263":0,"264":0,"265":0,"266":0,"267":0,"268":0,"269":0,"270":0,"271":0,"272":0,"273":1,"274":1,"275":1,"276":0,"277":0,"278":0,"279":0,"280":0,"281":0,"282":0,"283":0,"284":0,"285":0,"286":0,"287":1,"288":2,"289":2,"290":0,"291":0,"292":0,"293":0,"294":0,"295":0,"296":0,"297":0,"298":0,"299":0,"300":0,"301":0,"302":0,"303":0,"304":0,"305":0,"306":0,"307":0,"308":0,"309":0,"310":0,"311":0,"312":0,"313":0,"314":0,"315":0,"316":0,"317":0,"318":0,"319":0,"320":0,"321":0,"322":0,"323":0,"324":0,"325":0,"326":0,"327":0,"328":0,"329":0,"330":0,"331":1,"332":1,"333":1,"334":0,"335":0,"336":0,"337":0,"338":1,"339":0,"340":0,"341":0,"342":0,"343":1,"344":0,"345":1,"346":0,"347":0,"348":0,"349":0,"350":1,"351":0,"352":0,"353":0,"354":1,"355":0,"356":0,"357":0,"358":1,"359":0,"360":0,"361":0,"362":1,"363":0,"364":0,"365":0,"366":1,"367":0,"368":0,"369":0,"370":1,"371":0,"372":0,"373":0,"374":0,"375":0,"376":0,"377":0,"378":0,"379":1,"380":0,"381":0,"382":1,"383":0,"384":0,"385":1,"386":0,"387":0,"388":0,"389":0,"390":0,"391":0,"392":0,"393":1,"394":1,"395":1,"396":1,"397":0,"398":0,"399":0,"400":0,"401":0,"402":0,"403":0,"404":0,"405":0,"406":0,"407":0,"408":0,"409":0,"410":0,"411":1,"412":1,"413":1,"414":1,"415":1,"416":1,"417":0,"418":0,"419":0,"420":0,"421":0,"422":0,"423":0,"424":0,"425":0,"426":0,"427":0,"428":0,"429":0,"430":0,"431":0,"432":0,"433":0,"434":0,"435":1,"436":0,"437":0,"438":0,"439":0,"440":0,"441":0,"442":0,"443":0,"444":0,"445":0,"446":0,"447":0,"448":0,"449":0,"450":0,"451":0,"452":0,"453":0,"454":0,"455":1,"456":1,"457":0,"458":0,"459":0,"460":0,"461":0,"462":1,"463":0,"464":0,"465":0,"466":1,"467":0,"468":0,"469":0,"470":0,"471":0,"472":0,"473":0,"474":0,"475":0,"476":0,"477":0,"478":0,"479":0,"480":0,"481":0,"482":0,"483":0,"484":0,"485":0,"486":0,"487":0,"488":0,"489":0,"490":0,"491":0,"492":0,"493":0,"494":0,"495":0,"496":0,"497":0,"498":0,"499":0,"500":0,"501":0,"502":0,"503":0,"504":0,"505":0,"506":0,"507":0,"508":0,"509":0,"510":0,"511":0,"512":0,"513":0,"514":0,"515":1,"516":0,"517":0,"518":0,"519":0,"520":1,"521":0,"522":0,"523":0,"524":0,"525":0,"526":0,"527":0,"528":0,"529":0,"530":0,"531":0,"532":0,"533":0,"534":0,"535":0,"536":0,"537":1,"538":0,"539":0,"540":0,"541":0,"542":0,"543":0,"544":0,"545":0,"546":0,"547":0,"548":0,"549":0,"550":1,"551":1,"552":1,"553":31,"554":31,"555":31,"556":0,"557":1,"558":0,"559":0,"560":0,"561":0,"562":0,"563":0,"564":0,"565":1,"566":0,"567":0,"568":0,"569":0,"570":1,"571":1,"572":1,"573":1,"574":16,"575":16,"576":1,"577":1,"578":1,"579":0,"580":0,"581":0,"582":0,"583":0,"584":0,"585":0,"586":0,"587":0,"588":0,"589":1,"590":1,"591":0,"592":0,"593":1,"594":0,"595":0,"596":0,"597":0,"598":0,"599":0,"600":0,"601":0,"602":0,"603":0,"604":0,"605":0,"606":0,"607":0,"608":0,"609":0},"b":{"1":[1,0],"2":[1,1,1],"3":[0,0],"4":[0,0],"5":[0,1],"6":[0,0],"7":[0,0],"8":[0,0,0,0,0,0,0],"9":[0,0],"10":[0,0],"11":[0,0,0,0],"12":[0,0],"13":[0,0],"14":[0,0],"15":[0,0],"16":[0,0],"17":[0,0],"18":[0,0],"19":[0,0],"20":[0,0],"21":[0,0],"22":[0,0],"23":[0,0],"24":[0,0],"25":[0,0],"26":[0,0],"27":[0,0],"28":[0,0],"29":[0,0],"30":[0,0],"31":[0,0],"32":[0,0],"33":[0,0],"34":[0,0],"35":[0,0],"36":[0,0],"37":[0,0],"38":[0,0],"39":[0,0],"40":[0,0],"41":[0,0],"42":[0,0],"43":[0,0,0,0],"44":[0,0],"45":[0,0],"46":[0,0],"47":[0,0],"48":[0,0],"49":[0,0,0],"50":[0,0,0],"51":[0,0],"52":[0,0],"53":[0,0],"54":[0,0],"55":[0,0,0],"56":[0,0],"57":[0,0],"58":[0,0],"59":[0,0],"60":[0,0],"61":[0,0],"62":[0,0],"63":[0,0],"64":[0,0],"65":[0,0],"66":[0,0],"67":[0,0],"68":[0,0],"69":[0,0],"70":[0,0],"71":[0,0],"72":[0,0],"73":[0,0,0],"74":[0,0],"75":[1,0],"76":[16,0],"77":[16,0],"78":[0,0],"79":[0,0],"80":[0,0],"81":[0,0],"82":[0,0],"83":[0,0],"84":[0,0],"85":[0,0],"86":[0,0],"87":[0,0],"88":[0,0],"89":[0,0],"90":[0,0],"91":[0,0],"92":[0,0],"93":[0,0],"94":[0,0],"95":[0,0],"96":[0,0],"97":[0,0],"98":[0,0],"99":[0,0],"100":[0,0],"101":[0,0],"102":[0,0],"103":[0,0],"104":[0,0],"105":[0,0],"106":[0,0],"107":[0,0],"108":[0,0],"109":[0,0],"110":[0,0,0,0,0],"111":[0,0],"112":[0,0],"113":[0,0],"114":[0,0,0],"115":[0,0,0],"116":[0,0],"117":[0,0],"118":[0,0],"119":[0,0,0],"120":[0,0,0],"121":[0,0],"122":[0,0],"123":[0,0],"124":[0,0],"125":[0,0],"126":[0,0],"127":[0,0],"128":[0,0],"129":[0,0],"130":[0,0],"131":[0,0],"132":[0,0],"133":[0,0],"134":[0,0,0],"135":[0,0],"136":[0,0,0],"137":[0,0],"138":[0,0,0],"139":[0,0],"140":[0,0,0],"141":[0,0],"142":[0,0,0],"143":[0,0],"144":[0,0],"145":[0,0],"146":[0,0,0],"147":[0,0],"148":[0,0],"149":[0,0],"150":[0,0],"151":[0,0],"152":[0,0],"153":[0,0],"154":[0,0],"155":[0,0],"156":[0,0],"157":[0,0],"158":[0,0],"159":[0,0],"160":[1,0],"161":[0,0],"162":[0,0],"163":[0,0],"164":[0,0],"165":[0,0],"166":[0,0],"167":[0,0],"168":[0,0],"169":[0,0],"170":[0,0],"171":[0,0],"172":[0,0],"173":[0,0],"174":[0,0],"175":[0,0],"176":[0,0],"177":[0,0],"178":[0,0],"179":[0,0],"180":[0,0],"181":[0,0],"182":[0,0],"183":[0,0],"184":[0,0],"185":[0,0],"186":[0,0],"187":[0,0],"188":[0,0],"189":[0,0],"190":[0,0],"191":[0,0],"192":[0,0],"193":[0,0],"194":[0,0],"195":[0,0],"196":[0,0],"197":[0,0],"198":[0,0],"199":[0,0],"200":[0,0],"201":[0,0],"202":[0,0],"203":[0,0],"204":[0,0],"205":[0,0,0],"206":[0,0],"207":[0,0],"208":[0,0],"209":[0,0],"210":[0,0],"211":[0,0],"212":[0,0],"213":[31,0],"214":[31,31],"215":[0,0],"216":[0,0],"217":[0,0],"218":[16,0],"219":[0,0],"220":[0,0],"221":[0,0],"222":[0,0],"223":[0,0],"224":[0,0],"225":[0,0],"226":[0,0]},"f":{"1":1,"2":1,"3":0,"4":1,"5":0,"6":0,"7":0,"8":0,"9":0,"10":0,"11":0,"12":0,"13":0,"14":0,"15":0,"16":0,"17":0,"18":0,"19":0,"20":0,"21":0,"22":0,"23":0,"24":0,"25":1,"26":0,"27":0,"28":0,"29":0,"30":0,"31":0,"32":0,"33":0,"34":0,"35":0,"36":0,"37":0,"38":0,"39":0,"40":0,"41":0,"42":0,"43":0,"44":0,"45":0,"46":0,"47":0,"48":0,"49":0,"50":0,"51":0,"52":0,"53":0,"54":0,"55":0,"56":0,"57":0,"58":16,"59":0,"60":1,"61":0,"62":0,"63":0,"64":0,"65":0,"66":0,"67":0,"68":0,"69":4,"70":0,"71":0,"72":0,"73":0,"74":2,"75":0,"76":0,"77":0,"78":0,"79":0,"80":0,"81":0,"82":0,"83":0,"84":0,"85":0,"86":0,"87":0,"88":0,"89":0,"90":1,"91":1,"92":0,"93":0,"94":0,"95":0,"96":0,"97":0,"98":0,"99":1,"100":0,"101":0,"102":0,"103":0,"104":0,"105":0,"106":0,"107":0,"108":0,"109":0,"110":0,"111":0,"112":0,"113":0,"114":31,"115":0,"116":0,"117":1,"118":0,"119":0,"120":0,"121":0,"122":0,"123":0},"fnMap":{"1":{"name":"(anonymous_1)","line":11,"loc":{"start":{"line":11,"column":1},"end":{"line":11,"column":20}}},"2":{"name":"(anonymous_2)","line":24,"loc":{"start":{"line":24,"column":2},"end":{"line":24,"column":27}}},"3":{"name":"(anonymous_3)","line":71,"loc":{"start":{"line":71,"column":22},"end":{"line":71,"column":34}}},"4":{"name":"(anonymous_4)","line":76,"loc":{"start":{"line":76,"column":13},"end":{"line":76,"column":25}}},"5":{"name":"(anonymous_5)","line":83,"loc":{"start":{"line":83,"column":11},"end":{"line":83,"column":24}}},"6":{"name":"(anonymous_6)","line":86,"loc":{"start":{"line":86,"column":12},"end":{"line":86,"column":25}}},"7":{"name":"(anonymous_7)","line":89,"loc":{"start":{"line":89,"column":12},"end":{"line":89,"column":24}}},"8":{"name":"(anonymous_8)","line":92,"loc":{"start":{"line":92,"column":21},"end":{"line":92,"column":40}}},"9":{"name":"(anonymous_9)","line":101,"loc":{"start":{"line":101,"column":10},"end":{"line":101,"column":23}}},"10":{"name":"(anonymous_10)","line":110,"loc":{"start":{"line":110,"column":12},"end":{"line":110,"column":25}}},"11":{"name":"(anonymous_11)","line":113,"loc":{"start":{"line":113,"column":16},"end":{"line":113,"column":38}}},"12":{"name":"(anonymous_12)","line":116,"loc":{"start":{"line":116,"column":16},"end":{"line":116,"column":41}}},"13":{"name":"(anonymous_13)","line":119,"loc":{"start":{"line":119,"column":16},"end":{"line":119,"column":48}}},"14":{"name":"(anonymous_14)","line":122,"loc":{"start":{"line":122,"column":17},"end":{"line":122,"column":30}}},"15":{"name":"(anonymous_15)","line":125,"loc":{"start":{"line":125,"column":15},"end":{"line":125,"column":40}}},"16":{"name":"(anonymous_16)","line":128,"loc":{"start":{"line":128,"column":9},"end":{"line":128,"column":21}}},"17":{"name":"(anonymous_17)","line":131,"loc":{"start":{"line":131,"column":20},"end":{"line":131,"column":39}}},"18":{"name":"(anonymous_18)","line":136,"loc":{"start":{"line":136,"column":14},"end":{"line":136,"column":36}}},"19":{"name":"(anonymous_19)","line":145,"loc":{"start":{"line":145,"column":14},"end":{"line":145,"column":30}}},"20":{"name":"(anonymous_20)","line":154,"loc":{"start":{"line":154,"column":14},"end":{"line":154,"column":30}}},"21":{"name":"(anonymous_21)","line":165,"loc":{"start":{"line":165,"column":14},"end":{"line":165,"column":29}}},"22":{"name":"(anonymous_22)","line":176,"loc":{"start":{"line":176,"column":27},"end":{"line":176,"column":46}}},"23":{"name":"(anonymous_23)","line":184,"loc":{"start":{"line":184,"column":9},"end":{"line":184,"column":25}}},"24":{"name":"(anonymous_24)","line":188,"loc":{"start":{"line":188,"column":11},"end":{"line":188,"column":39}}},"25":{"name":"(anonymous_25)","line":199,"loc":{"start":{"line":199,"column":17},"end":{"line":199,"column":29}}},"26":{"name":"cleanUpSubscriptions","line":205,"loc":{"start":{"line":205,"column":1},"end":{"line":205,"column":40}}},"27":{"name":"(anonymous_27)","line":206,"loc":{"start":{"line":206,"column":33},"end":{"line":206,"column":57}}},"28":{"name":"dispose","line":212,"loc":{"start":{"line":212,"column":1},"end":{"line":212,"column":27}}},"29":{"name":"(anonymous_29)","line":214,"loc":{"start":{"line":214,"column":28},"end":{"line":214,"column":43}}},"30":{"name":"runTraversal","line":225,"loc":{"start":{"line":225,"column":1},"end":{"line":225,"column":37}}},"31":{"name":"traverseGraph","line":232,"loc":{"start":{"line":232,"column":1},"end":{"line":232,"column":45}}},"32":{"name":"(anonymous_32)","line":258,"loc":{"start":{"line":258,"column":45},"end":{"line":258,"column":57}}},"33":{"name":"(anonymous_33)","line":277,"loc":{"start":{"line":277,"column":28},"end":{"line":277,"column":50}}},"34":{"name":"collectErrors","line":286,"loc":{"start":{"line":286,"column":1},"end":{"line":286,"column":31}}},"35":{"name":"(anonymous_35)","line":288,"loc":{"start":{"line":288,"column":17},"end":{"line":288,"column":39}}},"36":{"name":"(anonymous_36)","line":302,"loc":{"start":{"line":302,"column":8},"end":{"line":302,"column":34}}},"37":{"name":"group","line":335,"loc":{"start":{"line":335,"column":9},"end":{"line":335,"column":38}}},"38":{"name":"(anonymous_38)","line":350,"loc":{"start":{"line":350,"column":25},"end":{"line":350,"column":37}}},"39":{"name":"(anonymous_39)","line":357,"loc":{"start":{"line":357,"column":13},"end":{"line":357,"column":25}}},"40":{"name":"(anonymous_40)","line":363,"loc":{"start":{"line":363,"column":28},"end":{"line":363,"column":44}}},"41":{"name":"(anonymous_41)","line":368,"loc":{"start":{"line":368,"column":19},"end":{"line":368,"column":41}}},"42":{"name":"(anonymous_42)","line":375,"loc":{"start":{"line":375,"column":30},"end":{"line":375,"column":42}}},"43":{"name":"(anonymous_43)","line":378,"loc":{"start":{"line":378,"column":46},"end":{"line":378,"column":68}}},"44":{"name":"(anonymous_44)","line":384,"loc":{"start":{"line":384,"column":19},"end":{"line":384,"column":39}}},"45":{"name":"(anonymous_45)","line":385,"loc":{"start":{"line":385,"column":29},"end":{"line":385,"column":41}}},"46":{"name":"(anonymous_46)","line":392,"loc":{"start":{"line":392,"column":17},"end":{"line":392,"column":37}}},"47":{"name":"(anonymous_47)","line":393,"loc":{"start":{"line":393,"column":29},"end":{"line":393,"column":41}}},"48":{"name":"(anonymous_48)","line":400,"loc":{"start":{"line":400,"column":20},"end":{"line":400,"column":39}}},"49":{"name":"(anonymous_49)","line":401,"loc":{"start":{"line":401,"column":27},"end":{"line":401,"column":39}}},"50":{"name":"(anonymous_50)","line":408,"loc":{"start":{"line":408,"column":16},"end":{"line":408,"column":34}}},"51":{"name":"(anonymous_51)","line":409,"loc":{"start":{"line":409,"column":25},"end":{"line":409,"column":41}}},"52":{"name":"(anonymous_52)","line":422,"loc":{"start":{"line":422,"column":25},"end":{"line":422,"column":44}}},"53":{"name":"(anonymous_53)","line":438,"loc":{"start":{"line":438,"column":17},"end":{"line":438,"column":56}}},"54":{"name":"(anonymous_54)","line":452,"loc":{"start":{"line":452,"column":39},"end":{"line":452,"column":62}}},"55":{"name":"(anonymous_55)","line":467,"loc":{"start":{"line":467,"column":11},"end":{"line":467,"column":39}}},"56":{"name":"(anonymous_56)","line":470,"loc":{"start":{"line":470,"column":58},"end":{"line":470,"column":73}}},"57":{"name":"(anonymous_57)","line":495,"loc":{"start":{"line":495,"column":20},"end":{"line":495,"column":51}}},"58":{"name":"(anonymous_58)","line":509,"loc":{"start":{"line":509,"column":15},"end":{"line":509,"column":35}}},"59":{"name":"(anonymous_59)","line":510,"loc":{"start":{"line":510,"column":28},"end":{"line":510,"column":58}}},"60":{"name":"(anonymous_60)","line":545,"loc":{"start":{"line":545,"column":21},"end":{"line":545,"column":33}}},"61":{"name":"(anonymous_61)","line":558,"loc":{"start":{"line":558,"column":27},"end":{"line":558,"column":46}}},"62":{"name":"(anonymous_62)","line":567,"loc":{"start":{"line":567,"column":34},"end":{"line":567,"column":68}}},"63":{"name":"(anonymous_63)","line":568,"loc":{"start":{"line":568,"column":45},"end":{"line":568,"column":61}}},"64":{"name":"(anonymous_64)","line":596,"loc":{"start":{"line":596,"column":45},"end":{"line":596,"column":61}}},"65":{"name":"(anonymous_65)","line":607,"loc":{"start":{"line":607,"column":34},"end":{"line":607,"column":68}}},"66":{"name":"(anonymous_66)","line":617,"loc":{"start":{"line":617,"column":45},"end":{"line":617,"column":61}}},"67":{"name":"(anonymous_67)","line":618,"loc":{"start":{"line":618,"column":43},"end":{"line":618,"column":58}}},"68":{"name":"(anonymous_68)","line":629,"loc":{"start":{"line":629,"column":11},"end":{"line":629,"column":22}}},"69":{"name":"(anonymous_69)","line":648,"loc":{"start":{"line":648,"column":33},"end":{"line":648,"column":56}}},"70":{"name":"(anonymous_70)","line":651,"loc":{"start":{"line":651,"column":42},"end":{"line":651,"column":124}}},"71":{"name":"(anonymous_71)","line":660,"loc":{"start":{"line":660,"column":12},"end":{"line":660,"column":42}}},"72":{"name":"(anonymous_72)","line":661,"loc":{"start":{"line":661,"column":18},"end":{"line":661,"column":48}}},"73":{"name":"(anonymous_73)","line":732,"loc":{"start":{"line":732,"column":12},"end":{"line":732,"column":37}}},"74":{"name":"minMaxValidatorFactory","line":758,"loc":{"start":{"line":758,"column":0},"end":{"line":758,"column":47}}},"75":{"name":"(anonymous_75)","line":761,"loc":{"start":{"line":761,"column":11},"end":{"line":761,"column":35}}},"76":{"name":"(anonymous_76)","line":863,"loc":{"start":{"line":863,"column":12},"end":{"line":863,"column":38}}},"77":{"name":"(anonymous_77)","line":872,"loc":{"start":{"line":872,"column":12},"end":{"line":872,"column":38}}},"78":{"name":"(anonymous_78)","line":881,"loc":{"start":{"line":881,"column":12},"end":{"line":881,"column":34}}},"79":{"name":"(anonymous_79)","line":888,"loc":{"start":{"line":888,"column":12},"end":{"line":888,"column":33}}},"80":{"name":"(anonymous_80)","line":900,"loc":{"start":{"line":900,"column":12},"end":{"line":900,"column":37}}},"81":{"name":"(anonymous_81)","line":914,"loc":{"start":{"line":914,"column":12},"end":{"line":914,"column":39}}},"82":{"name":"(anonymous_82)","line":922,"loc":{"start":{"line":922,"column":12},"end":{"line":922,"column":39}}},"83":{"name":"(anonymous_83)","line":930,"loc":{"start":{"line":930,"column":12},"end":{"line":930,"column":39}}},"84":{"name":"(anonymous_84)","line":938,"loc":{"start":{"line":938,"column":12},"end":{"line":938,"column":39}}},"85":{"name":"(anonymous_85)","line":946,"loc":{"start":{"line":946,"column":12},"end":{"line":946,"column":45}}},"86":{"name":"(anonymous_86)","line":957,"loc":{"start":{"line":957,"column":12},"end":{"line":957,"column":35}}},"87":{"name":"(anonymous_87)","line":965,"loc":{"start":{"line":965,"column":12},"end":{"line":965,"column":35}}},"88":{"name":"(anonymous_88)","line":980,"loc":{"start":{"line":980,"column":12},"end":{"line":980,"column":36}}},"89":{"name":"(anonymous_89)","line":987,"loc":{"start":{"line":987,"column":25},"end":{"line":987,"column":41}}},"90":{"name":"(anonymous_90)","line":998,"loc":{"start":{"line":998,"column":1},"end":{"line":998,"column":13}}},"91":{"name":"(anonymous_91)","line":1004,"loc":{"start":{"line":1004,"column":40},"end":{"line":1004,"column":52}}},"92":{"name":"(anonymous_92)","line":1007,"loc":{"start":{"line":1007,"column":8},"end":{"line":1007,"column":90}}},"93":{"name":"(anonymous_93)","line":1013,"loc":{"start":{"line":1013,"column":19},"end":{"line":1013,"column":31}}},"94":{"name":"(anonymous_94)","line":1055,"loc":{"start":{"line":1055,"column":9},"end":{"line":1055,"column":43}}},"95":{"name":"(anonymous_95)","line":1082,"loc":{"start":{"line":1082,"column":43},"end":{"line":1082,"column":55}}},"96":{"name":"(anonymous_96)","line":1094,"loc":{"start":{"line":1094,"column":9},"end":{"line":1094,"column":64}}},"97":{"name":"(anonymous_97)","line":1112,"loc":{"start":{"line":1112,"column":28},"end":{"line":1112,"column":40}}},"98":{"name":"(anonymous_98)","line":1127,"loc":{"start":{"line":1127,"column":42},"end":{"line":1127,"column":54}}},"99":{"name":"(anonymous_99)","line":1149,"loc":{"start":{"line":1149,"column":43},"end":{"line":1149,"column":55}}},"100":{"name":"(anonymous_100)","line":1151,"loc":{"start":{"line":1151,"column":8},"end":{"line":1151,"column":90}}},"101":{"name":"(anonymous_101)","line":1175,"loc":{"start":{"line":1175,"column":29},"end":{"line":1175,"column":58}}},"102":{"name":"(anonymous_102)","line":1176,"loc":{"start":{"line":1176,"column":52},"end":{"line":1176,"column":68}}},"103":{"name":"(anonymous_103)","line":1192,"loc":{"start":{"line":1192,"column":30},"end":{"line":1192,"column":61}}},"104":{"name":"(anonymous_104)","line":1227,"loc":{"start":{"line":1227,"column":24},"end":{"line":1227,"column":41}}},"105":{"name":"(anonymous_105)","line":1242,"loc":{"start":{"line":1242,"column":26},"end":{"line":1242,"column":38}}},"106":{"name":"(anonymous_106)","line":1249,"loc":{"start":{"line":1249,"column":38},"end":{"line":1249,"column":50}}},"107":{"name":"(anonymous_107)","line":1256,"loc":{"start":{"line":1256,"column":9},"end":{"line":1256,"column":21}}},"108":{"name":"(anonymous_108)","line":1268,"loc":{"start":{"line":1268,"column":34},"end":{"line":1268,"column":46}}},"109":{"name":"validateSync","line":1291,"loc":{"start":{"line":1291,"column":0},"end":{"line":1291,"column":45}}},"110":{"name":"validateAsync","line":1306,"loc":{"start":{"line":1306,"column":0},"end":{"line":1306,"column":46}}},"111":{"name":"(anonymous_111)","line":1309,"loc":{"start":{"line":1309,"column":16},"end":{"line":1309,"column":34}}},"112":{"name":"(anonymous_112)","line":1342,"loc":{"start":{"line":1342,"column":16},"end":{"line":1342,"column":27}}},"113":{"name":"(anonymous_113)","line":1348,"loc":{"start":{"line":1348,"column":24},"end":{"line":1348,"column":46}}},"114":{"name":"(anonymous_114)","line":1387,"loc":{"start":{"line":1387,"column":18},"end":{"line":1387,"column":41}}},"115":{"name":"(anonymous_115)","line":1395,"loc":{"start":{"line":1395,"column":12},"end":{"line":1395,"column":27}}},"116":{"name":"(anonymous_116)","line":1411,"loc":{"start":{"line":1411,"column":14},"end":{"line":1411,"column":41}}},"117":{"name":"(anonymous_117)","line":1423,"loc":{"start":{"line":1423,"column":1},"end":{"line":1423,"column":12}}},"118":{"name":"(anonymous_118)","line":1444,"loc":{"start":{"line":1444,"column":33},"end":{"line":1444,"column":73}}},"119":{"name":"(anonymous_119)","line":1468,"loc":{"start":{"line":1468,"column":19},"end":{"line":1468,"column":50}}},"120":{"name":"(anonymous_120)","line":1475,"loc":{"start":{"line":1475,"column":25},"end":{"line":1475,"column":58}}},"121":{"name":"(anonymous_121)","line":1485,"loc":{"start":{"line":1485,"column":24},"end":{"line":1485,"column":41}}},"122":{"name":"(anonymous_122)","line":1490,"loc":{"start":{"line":1490,"column":37},"end":{"line":1490,"column":55}}},"123":{"name":"(anonymous_123)","line":1495,"loc":{"start":{"line":1495,"column":16},"end":{"line":1495,"column":35}}}},"statementMap":{"1":{"start":{"line":11,"column":0},"end":{"line":1511,"column":5}},"2":{"start":{"line":14,"column":1},"end":{"line":23,"column":2}},"3":{"start":{"line":16,"column":2},"end":{"line":16,"column":40}},"4":{"start":{"line":17,"column":8},"end":{"line":23,"column":2}},"5":{"start":{"line":19,"column":2},"end":{"line":19,"column":43}},"6":{"start":{"line":22,"column":2},"end":{"line":22,"column":34}},"7":{"start":{"line":26,"column":1},"end":{"line":28,"column":2}},"8":{"start":{"line":27,"column":2},"end":{"line":27,"column":109}},"9":{"start":{"line":31,"column":1},"end":{"line":31,"column":25}},"10":{"start":{"line":33,"column":1},"end":{"line":37,"column":26}},"11":{"start":{"line":40,"column":0},"end":{"line":63,"column":2}},"12":{"start":{"line":66,"column":0},"end":{"line":66,"column":41}},"13":{"start":{"line":68,"column":0},"end":{"line":68,"column":78}},"14":{"start":{"line":69,"column":0},"end":{"line":69,"column":60}},"15":{"start":{"line":71,"column":0},"end":{"line":73,"column":2}},"16":{"start":{"line":72,"column":1},"end":{"line":72,"column":33}},"17":{"start":{"line":75,"column":0},"end":{"line":75,"column":33}},"18":{"start":{"line":76,"column":1},"end":{"line":199,"column":5}},"19":{"start":{"line":77,"column":1},"end":{"line":77,"column":35}},"20":{"start":{"line":79,"column":1},"end":{"line":79,"column":18}},"21":{"start":{"line":80,"column":1},"end":{"line":80,"column":38}},"22":{"start":{"line":82,"column":1},"end":{"line":198,"column":3}},"23":{"start":{"line":84,"column":3},"end":{"line":84,"column":78}},"24":{"start":{"line":87,"column":3},"end":{"line":87,"column":46}},"25":{"start":{"line":90,"column":3},"end":{"line":90,"column":20}},"26":{"start":{"line":93,"column":3},"end":{"line":99,"column":47}},"27":{"start":{"line":102,"column":3},"end":{"line":102,"column":14}},"28":{"start":{"line":103,"column":3},"end":{"line":107,"column":4}},"29":{"start":{"line":104,"column":4},"end":{"line":106,"column":5}},"30":{"start":{"line":105,"column":5},"end":{"line":105,"column":18}},"31":{"start":{"line":108,"column":3},"end":{"line":108,"column":12}},"32":{"start":{"line":111,"column":3},"end":{"line":111,"column":46}},"33":{"start":{"line":114,"column":3},"end":{"line":114,"column":43}},"34":{"start":{"line":117,"column":3},"end":{"line":117,"column":37}},"35":{"start":{"line":120,"column":3},"end":{"line":120,"column":44}},"36":{"start":{"line":123,"column":3},"end":{"line":123,"column":56}},"37":{"start":{"line":126,"column":3},"end":{"line":126,"column":59}},"38":{"start":{"line":129,"column":3},"end":{"line":129,"column":22}},"39":{"start":{"line":132,"column":3},"end":{"line":132,"column":46}},"40":{"start":{"line":134,"column":3},"end":{"line":134,"column":38}},"41":{"start":{"line":137,"column":3},"end":{"line":137,"column":30}},"42":{"start":{"line":139,"column":3},"end":{"line":141,"column":4}},"43":{"start":{"line":140,"column":4},"end":{"line":140,"column":46}},"44":{"start":{"line":143,"column":3},"end":{"line":143,"column":23}},"45":{"start":{"line":146,"column":3},"end":{"line":146,"column":30}},"46":{"start":{"line":148,"column":3},"end":{"line":150,"column":4}},"47":{"start":{"line":149,"column":4},"end":{"line":149,"column":21}},"48":{"start":{"line":152,"column":3},"end":{"line":152,"column":23}},"49":{"start":{"line":155,"column":3},"end":{"line":162,"column":4}},"50":{"start":{"line":158,"column":5},"end":{"line":158,"column":45}},"51":{"start":{"line":159,"column":5},"end":{"line":159,"column":37}},"52":{"start":{"line":159,"column":20},"end":{"line":159,"column":35}},"53":{"start":{"line":160,"column":5},"end":{"line":160,"column":74}},"54":{"start":{"line":160,"column":28},"end":{"line":160,"column":72}},"55":{"start":{"line":161,"column":5},"end":{"line":161,"column":11}},"56":{"start":{"line":163,"column":3},"end":{"line":163,"column":20}},"57":{"start":{"line":166,"column":3},"end":{"line":168,"column":4}},"58":{"start":{"line":167,"column":4},"end":{"line":167,"column":16}},"59":{"start":{"line":169,"column":3},"end":{"line":171,"column":4}},"60":{"start":{"line":170,"column":4},"end":{"line":170,"column":16}},"61":{"start":{"line":172,"column":3},"end":{"line":174,"column":4}},"62":{"start":{"line":173,"column":4},"end":{"line":173,"column":16}},"63":{"start":{"line":177,"column":3},"end":{"line":179,"column":78}},"64":{"start":{"line":181,"column":3},"end":{"line":182,"column":38}},"65":{"start":{"line":185,"column":3},"end":{"line":186,"column":39}},"66":{"start":{"line":185,"column":30},"end":{"line":185,"column":56}},"67":{"start":{"line":186,"column":10},"end":{"line":186,"column":37}},"68":{"start":{"line":189,"column":3},"end":{"line":191,"column":4}},"69":{"start":{"line":190,"column":4},"end":{"line":190,"column":37}},"70":{"start":{"line":192,"column":3},"end":{"line":196,"column":4}},"71":{"start":{"line":193,"column":4},"end":{"line":195,"column":5}},"72":{"start":{"line":194,"column":5},"end":{"line":194,"column":34}},"73":{"start":{"line":199,"column":6},"end":{"line":705,"column":5}},"74":{"start":{"line":201,"column":1},"end":{"line":203,"column":19}},"75":{"start":{"line":205,"column":1},"end":{"line":210,"column":2}},"76":{"start":{"line":206,"column":2},"end":{"line":208,"column":5}},"77":{"start":{"line":207,"column":3},"end":{"line":207,"column":26}},"78":{"start":{"line":209,"column":2},"end":{"line":209,"column":29}},"79":{"start":{"line":212,"column":1},"end":{"line":223,"column":2}},"80":{"start":{"line":213,"column":2},"end":{"line":218,"column":3}},"81":{"start":{"line":214,"column":3},"end":{"line":216,"column":6}},"82":{"start":{"line":215,"column":4},"end":{"line":215,"column":30}},"83":{"start":{"line":217,"column":3},"end":{"line":217,"column":30}},"84":{"start":{"line":220,"column":2},"end":{"line":222,"column":3}},"85":{"start":{"line":221,"column":3},"end":{"line":221,"column":33}},"86":{"start":{"line":225,"column":1},"end":{"line":230,"column":2}},"87":{"start":{"line":226,"column":2},"end":{"line":226,"column":28}},"88":{"start":{"line":227,"column":2},"end":{"line":227,"column":32}},"89":{"start":{"line":228,"column":2},"end":{"line":228,"column":30}},"90":{"start":{"line":229,"column":2},"end":{"line":229,"column":19}},"91":{"start":{"line":232,"column":1},"end":{"line":284,"column":2}},"92":{"start":{"line":233,"column":2},"end":{"line":234,"column":37}},"93":{"start":{"line":236,"column":2},"end":{"line":238,"column":3}},"94":{"start":{"line":237,"column":3},"end":{"line":237,"column":10}},"95":{"start":{"line":240,"column":2},"end":{"line":243,"column":3}},"96":{"start":{"line":241,"column":3},"end":{"line":241,"column":29}},"97":{"start":{"line":242,"column":3},"end":{"line":242,"column":29}},"98":{"start":{"line":246,"column":2},"end":{"line":246,"column":72}},"99":{"start":{"line":249,"column":2},"end":{"line":262,"column":3}},"100":{"start":{"line":252,"column":3},"end":{"line":254,"column":4}},"101":{"start":{"line":253,"column":4},"end":{"line":253,"column":38}},"102":{"start":{"line":255,"column":3},"end":{"line":255,"column":3
[...]
\tdigit: 'Introduceţi o cifră.',","\t\tphoneUS: 'Vă rugăm să specificați un număr de telefon valid.',","\t\tequal: 'Valorile trebuie să fie egale.',","\t\tnotEqual: 'Vă rugăm să alegeți o altă valoare.',","\t\tunique: 'Vă rugăm să vă asigurați că valoarea este unică.'","\t});","}));",""],"l":{"4":1,"7":1,"9":1,"10":0,"12":0,"15":0,"18":1,"19":0,"21":1}},"/home/travis/build/npmtest/node-npmtest-knockout.validation/node_modules/knockout.validation/localization/ru-RU.js":{"path":"/home/travis/build/npmtest/node-npmtest-knockout.validation/node_modules/knockout.validation/localization/ru-RU.js","s":{"1":1,"2":1,"3":1,"4":0,"5":0,"6":0,"7":1,"8":0,"9":1},"b":{"1":[1,0],"2":[1,1,1],"3":[0,0],"4":[0,0],"5":[0,1],"6":[1,1]},"f":{"1":1,"2":1},"fnMap":{"1":{"name":"(anonymous_1)","line":4,"loc":{"start":{"line":4,"column":1},"end":{"line":4,"column":19}}},"2":{"name":"(anonymous_2)","line":17,"loc":{"start":{"line":17,"column":2},"end":{"line":17,"column":15}}}},"statementMap":{"1":{"start":{"line":4,"column":0},"end":{"line":39,"column":4}},"2":{"start":{"line":7,"column":1},"end":{"line":16,"column":2}},"3":{"start":{"line":9,"column":8},"end":{"line":9,"column":49}},"4":{"start":{"line":10,"column":8},"end":{"line":16,"column":2}},"5":{"start":{"line":12,"column":2},"end":{"line":12,"column":43}},"6":{"start":{"line":15,"column":2},"end":{"line":15,"column":25}},"7":{"start":{"line":18,"column":1},"end":{"line":20,"column":2}},"8":{"start":{"line":19,"column":2},"end":{"line":19,"column":111}},"9":{"start":{"line":21,"column":1},"end":{"line":38,"column":4}}},"branchMap":{"1":{"line":7,"type":"if","locations":[{"start":{"line":7,"column":1},"end":{"line":7,"column":1}},{"start":{"line":7,"column":1},"end":{"line":7,"column":1}}]},"2":{"line":7,"type":"binary-expr","locations":[{"start":{"line":7,"column":5},"end":{"line":7,"column":34}},{"start":{"line":7,"column":38},"end":{"line":7,"column":65}},{"start":{"line":7,"column":69},"end":{"line":7,"column":95}}]},"3":{"line":10,"type":"if","locations":[{"start":{"line":10,"column":8},"end":{"line":10,"column":8}},{"start":{"line":10,"column":8},"end":{"line":10,"column":8}}]},"4":{"line":10,"type":"binary-expr","locations":[{"start":{"line":10,"column":12},"end":{"line":10,"column":40}},{"start":{"line":10,"column":44},"end":{"line":10,"column":57}}]},"5":{"line":18,"type":"if","locations":[{"start":{"line":18,"column":1},"end":{"line":18,"column":1}},{"start":{"line":18,"column":1},"end":{"line":18,"column":1}}]},"6":{"line":18,"type":"binary-expr","locations":[{"start":{"line":18,"column":5},"end":{"line":18,"column":8}},{"start":{"line":18,"column":12},"end":{"line":18,"column":49}}]}},"code":["/**"," * Localization file for Russian - Russia (ru-RU)"," */","(function(factory) {","\t// Module systems magic dance.","\t/*global require,ko.validation,define,module*/","\tif (typeof require === 'function' && typeof exports === 'object' && typeof module === 'object') {","\t\t// CommonJS or Node","        module.exports = factory(require('../'));","\t} else if (typeof define === 'function' && define['amd']) {","\t\t// AMD anonymous module","\t\tdefine(['knockout.validation'], factory);","\t} else {","\t\t// <script> tag: use the global `ko.validation` object","\t\tfactory(ko.validation);","\t}","}(function(kv) {","\tif (!kv || typeof kv.defineLocale !== 'function') {","\t\tthrow new Error('Knockout-Validation is required, please ensure it is loaded before this localization file');","\t}","\treturn kv.defineLocale('ru-RU', {","\t\trequired: 'Пожалуйста, заполните это поле.',","\t\tmin: 'Пожалуйста, введите число большее или равное {0}.',","\t\tmax: 'Пожалуйста, введите число меньшее или равное {0}.',","\t\tminLength: 'Пожалуйста, введите по крайней мере {0} символов.',","\t\tmaxLength: 'Пожалуйста, введите не больше чем {0} символов.',","\t\tpattern: 'Пожалуйста, проверьте это поле.',","\t\tstep: 'Значение должно быть кратным {0}',","\t\temail: 'Пожалуйста, укажите здесь правильный адрес электронной почты',","\t\tdate: 'Пожалуйста, введите правильную дату',","\t\tdateISO: 'Пожалуйста, введите правильную дату в формате ISO',","\t\tnumber: 'Пожалуйста, введите число',","\t\tdigit: 'Пожалуйста, введите цифры',","\t\tphoneUS: 'Пожалуйста, укажите правильный телефонный номер',","\t\tequal: 'Значения должны быть равны',","\t\tnotEqual: 'Пожалуйста, выберите другое значение.',","\t\tunique: 'Пожалуйста, укажите уникальное значение.'","\t});","}));",""],"l":{"4":1,"7":1,"9":1,"10":0,"12":0,"15":0,"18":1,"19":0,"21":1}},"/home/travis/build/npmtest/node-npmtest-knockout.validation/node_modules/knockout.validation/localization/sv-SE.js":{"path":"/home/travis/build/npmtest/node-npmtest-knockout.validation/node_modules/knockout.validation/localization/sv-SE.js","s":{"1":1,"2":1,"3":1,"4":0,"5":0,"6":0,"7":1,"8":0,"9":1},"b":{"1":[1,0],"2":[1,1,1],"3":[0,0],"4":[0,0],"5":[0,1],"6":[1,1]},"f":{"1":1,"2":1},"fnMap":{"1":{"name":"(anonymous_1)","line":4,"loc":{"start":{"line":4,"column":1},"end":{"line":4,"column":19}}},"2":{"name":"(anonymous_2)","line":17,"loc":{"start":{"line":17,"column":2},"end":{"line":17,"column":15}}}},"statementMap":{"1":{"start":{"line":4,"column":0},"end":{"line":39,"column":4}},"2":{"start":{"line":7,"column":1},"end":{"line":16,"column":2}},"3":{"start":{"line":9,"column":8},"end":{"line":9,"column":49}},"4":{"start":{"line":10,"column":8},"end":{"line":16,"column":2}},"5":{"start":{"line":12,"column":2},"end":{"line":12,"column":43}},"6":{"start":{"line":15,"column":2},"end":{"line":15,"column":25}},"7":{"start":{"line":18,"column":1},"end":{"line":20,"column":2}},"8":{"start":{"line":19,"column":2},"end":{"line":19,"column":111}},"9":{"start":{"line":21,"column":1},"end":{"line":38,"column":4}}},"branchMap":{"1":{"line":7,"type":"if","locations":[{"start":{"line":7,"column":1},"end":{"line":7,"column":1}},{"start":{"line":7,"column":1},"end":{"line":7,"column":1}}]},"2":{"line":7,"type":"binary-expr","locations":[{"start":{"line":7,"column":5},"end":{"line":7,"column":34}},{"start":{"line":7,"column":38},"end":{"line":7,"column":65}},{"start":{"line":7,"column":69},"end":{"line":7,"column":95}}]},"3":{"line":10,"type":"if","locations":[{"start":{"line":10,"column":8},"end":{"line":10,"column":8}},{"start":{"line":10,"column":8},"end":{"line":10,"column":8}}]},"4":{"line":10,"type":"binary-expr","locations":[{"start":{"line":10,"column":12},"end":{"line":10,"column":40}},{"start":{"line":10,"column":44},"end":{"line":10,"column":57}}]},"5":{"line":18,"type":"if","locations":[{"start":{"line":18,"column":1},"end":{"line":18,"column":1}},{"start":{"line":18,"column":1},"end":{"line":18,"column":1}}]},"6":{"line":18,"type":"binary-expr","locations":[{"start":{"line":18,"column":5},"end":{"line":18,"column":8}},{"start":{"line":18,"column":12},"end":{"line":18,"column":49}}]}},"code":["/**"," * Localization file for Swedish - Sweden (sv-SE)"," */","(function(factory) {","\t// Module systems magic dance.","\t/*global require,ko.validation,define,module*/","\tif (typeof require === 'function' && typeof exports === 'object' && typeof module === 'object') {","\t\t// CommonJS or Node","        module.exports = factory(require('../'));","\t} else if (typeof define === 'function' && define['amd']) {","\t\t// AMD anonymous module","\t\tdefine(['knockout.validation'], factory);","\t} else {","\t\t// <script> tag: use the global `ko.validation` object","\t\tfactory(ko.validation);","\t}","}(function(kv) {","\tif (!kv || typeof kv.defineLocale !== 'function') {","\t\tthrow new Error('Knockout-Validation is required, please ensure it is loaded before this localization file');","\t}","\treturn kv.defineLocale('sv-SE', {","\t\trequired: 'Detta fält är obligatoriskt',","\t\tmin: 'Fyll i ett värde som är större än eller lika med {0}',","\t\tmax: 'Fyll i ett värde som är mindre än eller lika med {0}',","\t\tminLength: 'Fyll i minst {0} tecken',","\t\tmaxLength: 'Fyll i färre än {0} tecken',","\t\tpattern: 'Var god kontrollera värdet',","\t\tstep: 'Värdet måste ökas med {0}',","\t\temail: 'Fyll i en korrekt e-postadress',","\t\tdate: 'Fyll i ett korrekt datum',","\t\tdateISO: 'Fyll i ett korrekt datum',","\t\tnumber: 'Fyll i ett nummer',","\t\tdigit: 'Fyll i en siffra',","\t\tphoneUS: 'Fyll i ett korrekt telefonnummer',","\t\tequal: 'Fyll i samma värde en gång till',","\t\tnotEqual: 'Fyll i ett annat värde',","\t\tunique: 'Fyll i ett unikt värde'","\t});","}));",""],"l":{"4":1,"7":1,"9":1,"10":0,"12":0,"15":0,"18":1,"19":0,"21":1}},"/home/travis/build/npmtest/node-npmtest-knockout.validation/node_modules/knockout.validation/localization/tr-TR.js":{"path":"/home/travis/build/npmtest/node-npmtest-knockout.validation/node_modules/knockout.validation/localization/tr-TR.js","s":{"1":1,"2":1,"3":1,"4":0,"5":0,"6":0,"7":1,"8":0,"9":1},"b":{"1":[1,0],"2":[1,1,1],"3":[0,0],"4":[0,0],"5":[0,1],"6":[1,1]},"f":{"1":1,"2":1},"fnMap":{"1":{"name":"(anonymous_1)","line":4,"loc":{"start":{"line":4,"column":1},"end":{"line":4,"column":19}}},"2":{"name":"(anonymous_2)","line":17,"loc":{"start":{"line":17,"column":2},"end":{"line":17,"column":15}}}},"statementMap":{"1":{"start":{"line":4,"column":0},"end":{"line":39,"column":4}},"2":{"start":{"line":7,"column":1},"end":{"line":16,"column":2}},"3":{"start":{"line":9,"column":8},"end":{"line":9,"column":49}},"4":{"start":{"line":10,"column":8},"end":{"line":16,"column":2}},"5":{"start":{"line":12,"column":2},"end":{"line":12,"column":43}},"6":{"start":{"line":15,"column":2},"end":{"line":15,"column":25}},"7":{"start":{"line":18,"column":1},"end":{"line":20,"column":2}},"8":{"start":{"line":19,"column":2},"end":{"line":19,"column":111}},"9":{"start":{"line":21,"column":1},"end":{"line":38,"column":4}}},"branchMap":{"1":{"line":7,"type":"if","locations":[{"start":{"line":7,"column":1},"end":{"line":7,"column":1}},{"start":{"line":7,"column":1},"end":{"line":7,"column":1}}]},"2":{"line":7,"type":"binary-expr","locations":[{"start":{"line":7,"column":5},"end":{"line":7,"column":34}},{"start":{"line":7,"column":38},"end":{"line":7,"column":65}},{"start":{"line":7,"column":69},"end":{"line":7,"column":95}}]},"3":{"line":10,"type":"if","locations":[{"start":{"line":10,"column":8},"end":{"line":10,"column":8}},{"start":{"line":10,"column":8},"end":{"line":10,"column":8}}]},"4":{"line":10,"type":"binary-expr","locations":[{"start":{"line":10,"column":12},"end":{"line":10,"column":40}},{"start":{"line":10,"column":44},"end":{"line":10,"column":57}}]},"5":{"line":18,"type":"if","locations":[{"start":{"line":18,"column":1},"end":{"line":18,"column":1}},{"start":{"line":18,"column":1},"end":{"line":18,"column":1}}]},"6":{"line":18,"type":"binary-expr","locations":[{"start":{"line":18,"column":5},"end":{"line":18,"column":8}},{"start":{"line":18,"column":12},"end":{"line":18,"column":49}}]}},"code":["/**"," * Localization file for Turkish - Turkey (tr-TR)"," */","(function(factory) {","\t// Module systems magic dance.","\t/*global require,ko.validation,define,module*/","\tif (typeof require === 'function' && typeof exports === 'object' && typeof module === 'object') {","\t\t// CommonJS or Node","        module.exports = factory(require('../'));","\t} else if (typeof define === 'function' && define['amd']) {","\t\t// AMD anonymous module","\t\tdefine(['knockout.validation'], factory);","\t} else {","\t\t// <script> tag: use the global `ko.validation` object","\t\tfactory(ko.validation);","\t}","}(function(kv) {","\tif (!kv || typeof kv.defineLocale !== 'function') {","\t\tthrow new Error('Knockout-Validation is required, please ensure it is loaded before this localization file');","\t}","\treturn kv.defineLocale('tr-TR', {","\t\trequired: 'Bu alanın doldurulması zorunludur.',","\t\tmin: 'Lütfen {0} veya daha yüksek değer giriniz.',","\t\tmax: 'Lütfen {0} veya daha düşük değer giriniz.',","\t\tminLength: 'Lütfen en az {0} karakter giriniz.',","\t\tmaxLength: 'Lütfen en fazla {0} karakter giriniz.',","\t\tpattern: 'Lütfen bu alanı kontrol ediniz.',","\t\tstep: 'Değer {0} arttırılmalı.',","\t\temail: 'Bu geçerli bir E-Mail adresi değil.',","\t\tdate: 'Lütfen geçerli bir tarih giriniz.',","\t\tdateISO: 'Lütfen geçerli bir tarih giriniz.',","\t\tnumber: 'Lütfen bir sayı değeri giriniz.',","\t\tdigit: 'Lütfen bir rakam değeri giriniz.',","\t\tphoneUS: 'Lütfen geçerli bir telefon numarası giriniz.',","\t\tequal: 'Değerler eşit olmalıdır.',","\t\tnotEqual: 'Lütfen farklı bir değer seçiniz.',","\t\tunique: 'Lütfen değerin farklı olduğunu kontrol ediniz.'","\t});","}));",""],"l":{"4":1,"7":1,"9":1,"10":0,"12":0,"15":0,"18":1,"19":0,"21":1}},"/home/travis/build/npmtest/node-npmtest-knockout.validation/node_modules/knockout.validation/localization/zh-CN.js":{"path":"/home/travis/build/npmtest/node-npmtest-knockout.validation/node_modules/knockout.validation/localization/zh-CN.js","s":{"1":1,"2":1,"3":1,"4":0,"5":0,"6":0,"7":1,"8":0,"9":1},"b":{"1":[1,0],"2":[1,1,1],"3":[0,0],"4":[0,0],"5":[0,1],"6":[1,1]},"f":{"1":1,"2":1},"fnMap":{"1":{"name":"(anonymous_1)","line":4,"loc":{"start":{"line":4,"column":1},"end":{"line":4,"column":19}}},"2":{"name":"(anonymous_2)","line":17,"loc":{"start":{"line":17,"column":2},"end":{"line":17,"column":15}}}},"statementMap":{"1":{"start":{"line":4,"column":0},"end":{"line":39,"column":4}},"2":{"start":{"line":7,"column":1},"end":{"line":16,"column":2}},"3":{"start":{"line":9,"column":8},"end":{"line":9,"column":49}},"4":{"start":{"line":10,"column":8},"end":{"line":16,"column":2}},"5":{"start":{"line":12,"column":2},"end":{"line":12,"column":43}},"6":{"start":{"line":15,"column":2},"end":{"line":15,"column":25}},"7":{"start":{"line":18,"column":1},"end":{"line":20,"column":2}},"8":{"start":{"line":19,"column":2},"end":{"line":19,"column":111}},"9":{"start":{"line":21,"column":1},"end":{"line":38,"column":4}}},"branchMap":{"1":{"line":7,"type":"if","locations":[{"start":{"line":7,"column":1},"end":{"line":7,"column":1}},{"start":{"line":7,"column":1},"end":{"line":7,"column":1}}]},"2":{"line":7,"type":"binary-expr","locations":[{"start":{"line":7,"column":5},"end":{"line":7,"column":34}},{"start":{"line":7,"column":38},"end":{"line":7,"column":65}},{"start":{"line":7,"column":69},"end":{"line":7,"column":95}}]},"3":{"line":10,"type":"if","locations":[{"start":{"line":10,"column":8},"end":{"line":10,"column":8}},{"start":{"line":10,"column":8},"end":{"line":10,"column":8}}]},"4":{"line":10,"type":"binary-expr","locations":[{"start":{"line":10,"column":12},"end":{"line":10,"column":40}},{"start":{"line":10,"column":44},"end":{"line":10,"column":57}}]},"5":{"line":18,"type":"if","locations":[{"start":{"line":18,"column":1},"end":{"line":18,"column":1}},{"start":{"line":18,"column":1},"end":{"line":18,"column":1}}]},"6":{"line":18,"type":"binary-expr","locations":[{"start":{"line":18,"column":5},"end":{"line":18,"column":8}},{"start":{"line":18,"column":12},"end":{"line":18,"column":49}}]}},"code":["/**"," * Localization file for Chinese - China (zh-CN)"," */","(function(factory) {","\t// Module systems magic dance.","\t/*global require,ko.validation,define,module*/","\tif (typeof require === 'function' && typeof exports === 'object' && typeof module === 'object') {","\t\t// CommonJS or Node","        module.exports = factory(require('../'));","\t} else if (typeof define === 'function' && define['amd']) {","\t\t// AMD anonymous module","\t\tdefine(['knockout.validation'], factory);","\t} else {","\t\t// <script> tag: use the global `ko.validation` object","\t\tfactory(ko.validation);","\t}","}(function(kv) {","\tif (!kv || typeof kv.defineLocale !== 'function') {","\t\tthrow new Error('Knockout-Validation is required, please ensure it is loaded before this localization file');","\t}","\treturn kv.defineLocale('zh-CN', {","\t\trequired: '必填字段',","\t\tmin: '输入值必须大于等于 {0}',","\t\tmax: '输入值必须小于等于 {0}',","\t\tminLength: '至少输入 {0} 个字符',","\t\tmaxLength: '输入的字符数不能超过 {0} 个',","\t\tpattern: '请检查此值',","\t\tstep: '每次步进值是 {0}',","\t\temail: 'email地址格式不正确',","\t\tdate: '日期格式不正确',","\t\tdateISO: '日期格式不正确',","\t\tnumber: '请输入一个数字',","\t\tdigit: '请输入一个数字',","\t\tphoneUS: '请输入一个合法的手机号(US)',","\t\tequal: '输入值不一样',","\t\tnotEqual: '请选择另一个值',","\t\tunique: '此值应该是唯一的'","\t});","}));",""],"l":{"4":1,"7":1,"9":1,"10":0,"12":0,"15":0,"18":1,"19":0,"21":1}},"/home/travis/build/npmtest/node-npmtest-knockout.validation/node_modules/knockout.validation/localization/zh-TW.js":{"path":"/home/travis/build/npmtest/node-npmtest-knockout.validation/node_modules/knockout.validation/localization/zh-TW.js","s":{"1":1,"2":1,"3":1,"4":0,"5":0,"6":0,"7":1,"8":0,"9":1},"b":{"1":[1,0],"2":[1,1,1],"3":[0,0],"4":[0,0],"5":[0,1],"6":[1,1]},"f":{"1":1,"2":1},"fnMap":{"1":{"name":"(anonymous_1)","line":4,"loc":{"start":{"line":4,"column":1},"end":{"line":4,"column":19}}},"2":{"name":"(anonymous_2)","line":17,"loc":{"start":{"line":17,"column":2},"end":{"line":17,"column":15}}}},"statementMap":{"1":{"start":{"line":4,"column":0},"end":{"line":39,"column":4}},"2":{"start":{"line":7,"column":1},"end":{"line":16,"column":2}},"3":{"start":{"line":9,"column":8},"end":{"line":9,"column":49}},"4":{"start":{"line":10,"column":8},"end":{"line":16,"column":2}},"5":{"start":{"line":12,"column":2},"end":{"line":12,"column":43}},"6":{"start":{"line":15,"column":2},"end":{"line":15,"column":25}},"7":{"start":{"line":18,"column":1},"end":{"line":20,"column":2}},"8":{"start":{"line":19,"column":2},"end":{"line":19,"column":111}},"9":{"start":{"line":21,"column":1},"end":{"line":38,"column":4}}},"branchMap":{"1":{"line":7,"type":"if","locations":[{"start":{"line":7,"column":1},"end":{"line":7,"column":1}},{"start":{"line":7,"column":1},"end":{"line":7,"column":1}}]},"2":{"line":7,"type":"binary-expr","locations":[{"start":{"line":7,"column":5},"end":{"line":7,"column":34}},{"start":{"line":7,"column":38},"end":{"line":7,"column":65}},{"start":{"line":7,"column":69},"end":{"line":7,"column":95}}]},"3":{"line":10,"type":"if","locations":[{"start":{"line":10,"column":8},"end":{"line":10,"column":8}},{"start":{"line":10,"column":8},"end":{"line":10,"column":8}}]},"4":{"line":10,"type":"binary-expr","locations":[{"start":{"line":10,"column":12},"end":{"line":10,"column":40}},{"start":{"line":10,"column":44},"end":{"line":10,"column":57}}]},"5":{"line":18,"type":"if","locations":[{"start":{"line":18,"column":1},"end":{"line":18,"column":1}},{"start":{"line":18,"column":1},"end":{"line":18,"column":1}}]},"6":{"line":18,"type":"binary-expr","locations":[{"start":{"line":18,"column":5},"end":{"line":18,"column":8}},{"start":{"line":18,"column":12},"end":{"line":18,"column":49}}]}},"code":["/**"," * Localization file for Chinese - Taiwan (zh-TW)"," */","(function(factory) {","\t// Module systems magic dance.","\t/*global require,ko.validation,define,module*/","\tif (typeof require === 'function' && typeof exports === 'object' && typeof module === 'object') {","\t\t// CommonJS or Node","        module.exports = factory(require('../'));","\t} else if (typeof define === 'function' && define['amd']) {","\t\t// AMD anonymous module","\t\tdefine(['knockout.validation'], factory);","\t} else {","\t\t// <script> tag: use the global `ko.validation` object","\t\tfactory(ko.validation);","\t}","}(function(kv) {","\tif (!kv || typeof kv.defineLocale !== 'function') {","\t\tthrow new Error('Knockout-Validation is required, please ensure it is loaded before this localization file');","\t}","\treturn kv.defineLocale('zh-TW', {","\t\trequired: '此欄位為必填欄位',","\t\tmin: '輸入值必須大於等於 {0}',","\t\tmax: '輸入值必須小於等於 {0}',","\t\tminLength: '請至少輸入 {0} 個字元',","\t\tmaxLength: '最大長度為 {0} 個字元',","\t\tpattern: '請檢查此值',","\t\tstep: '每次遞增值是 {0}',","\t\temail: 'email格式不正確',","\t\tdate: '日期格式不正確',","\t\tdateISO: '日期格式不正確',","\t\tnumber: '請輸入一組數字',","\t\tdigit: '請輸入一組數字',","\t\tphoneUS: '請輸入一組有效的電話號碼(US)',","\t\tequal: '兩次輸入值不相同',","\t\tnotEqual: '請選擇其他數值',","\t\tunique: '請確認此值為唯一值'","\t});","}));",""],"l":{"4":1,"7":1,"9":1,"10":0,"12":0,"15":0,"18":1,"19":0,"21":1}}}